{"meta": {"format": 3, "version": "7.13.1", "timestamp": "2026-01-11T17:47:59.868802", "branch_coverage": false, "show_contexts": false}, "files": {"src/olav/__main__.py": {"executed_lines": [], "summary": {"covered_lines": 0, "num_statements": 8, "percent_covered": 0.0, "percent_covered_display": "0", "missing_lines": 8, "excluded_lines": 2, "percent_statements_covered": 0.0, "percent_statements_covered_display": "0"}, "missing_lines": [3, 4, 7, 8, 9, 12, 14, 16], "excluded_lines": [18, 19], "functions": {"": {"executed_lines": [], "summary": {"covered_lines": 0, "num_statements": 8, "percent_covered": 0.0, "percent_covered_display": "0", "missing_lines": 8, "excluded_lines": 2, "percent_statements_covered": 0.0, "percent_statements_covered_display": "0"}, "missing_lines": [3, 4, 7, 8, 9, 12, 14, 16], "excluded_lines": [18, 19], "start_line": 1}}, "classes": {"": {"executed_lines": [], "summary": {"covered_lines": 0, "num_statements": 8, "percent_covered": 0.0, "percent_covered_display": "0", "missing_lines": 8, "excluded_lines": 2, "percent_statements_covered": 0.0, "percent_statements_covered_display": "0"}, "missing_lines": [3, 4, 7, 8, 9, 12, 14, 16], "excluded_lines": [18, 19], "start_line": 1}}}, "src/olav/agent.py": {"executed_lines": [7, 8, 10, 11, 13, 14, 15, 16, 17, 18, 19, 20, 21, 22, 23, 24, 25, 32, 38, 70, 71, 73, 74, 75, 76, 81, 82, 83, 86, 120, 121, 122, 123, 124, 125, 127, 129, 132, 133, 134, 139, 140, 145, 173, 174, 189, 192, 203, 207, 209, 212, 224, 225, 226, 227, 233, 236, 253, 263, 271, 293, 301, 323, 337, 354, 363, 364, 365, 367], "summary": {"covered_lines": 69, "num_statements": 70, "percent_covered": 98.57142857142857, "percent_covered_display": "99", "missing_lines": 1, "excluded_lines": 2, "percent_statements_covered": 98.57142857142857, "percent_statements_covered_display": "99"}, "missing_lines": [78], "excluded_lines": [34, 35], "functions": {"create_olav_agent": {"executed_lines": [70, 71, 73, 74, 75, 76, 81, 82, 83, 86, 120, 121, 122, 123, 124, 125, 127, 129, 132, 133, 134, 139, 140, 145, 173, 174, 189, 192, 203, 207, 209], "summary": {"covered_lines": 31, "num_statements": 32, "percent_covered": 96.875, "percent_covered_display": "97", "missing_lines": 1, "excluded_lines": 0, "percent_statements_covered": 96.875, "percent_statements_covered_display": "97"}, "missing_lines": [78], "excluded_lines": [], "start_line": 38}, "initialize_olav": {"executed_lines": [224, 225, 226, 227, 233], "summary": {"covered_lines": 5, "num_statements": 5, "percent_covered": 100.0, "percent_covered_display": "100", "missing_lines": 0, "excluded_lines": 0, "percent_statements_covered": 100.0, "percent_statements_covered_display": "100"}, "missing_lines": [], "excluded_lines": [], "start_line": 212}, "create_subagent": {"executed_lines": [253], "summary": {"covered_lines": 1, "num_statements": 1, "percent_covered": 100.0, "percent_covered_display": "100", "missing_lines": 0, "excluded_lines": 0, "percent_statements_covered": 100.0, "percent_statements_covered_display": "100"}, "missing_lines": [], "excluded_lines": [], "start_line": 236}, "get_macro_analyzer": {"executed_lines": [271], "summary": {"covered_lines": 1, "num_statements": 1, "percent_covered": 100.0, "percent_covered_display": "100", "missing_lines": 0, "excluded_lines": 0, "percent_statements_covered": 100.0, "percent_statements_covered_display": "100"}, "missing_lines": [], "excluded_lines": [], "start_line": 263}, "get_micro_analyzer": {"executed_lines": [301], "summary": {"covered_lines": 1, "num_statements": 1, "percent_covered": 100.0, "percent_covered_display": "100", "missing_lines": 0, "excluded_lines": 0, "percent_statements_covered": 100.0, "percent_statements_covered_display": "100"}, "missing_lines": [], "excluded_lines": [], "start_line": 293}, "get_inspector_agent": {"executed_lines": [337], "summary": {"covered_lines": 1, "num_statements": 1, "percent_covered": 100.0, "percent_covered_display": "100", "missing_lines": 0, "excluded_lines": 0, "percent_statements_covered": 100.0, "percent_statements_covered_display": "100"}, "missing_lines": [], "excluded_lines": [], "start_line": 323}, "_format_skills_for_prompt": {"executed_lines": [363, 364, 365, 367], "summary": {"covered_lines": 4, "num_statements": 4, "percent_covered": 100.0, "percent_covered_display": "100", "missing_lines": 0, "excluded_lines": 0, "percent_statements_covered": 100.0, "percent_statements_covered_display": "100"}, "missing_lines": [], "excluded_lines": [], "start_line": 354}, "": {"executed_lines": [7, 8, 10, 11, 13, 14, 15, 16, 17, 18, 19, 20, 21, 22, 23, 24, 25, 32, 38, 212, 236, 263, 293, 323, 354], "summary": {"covered_lines": 25, "num_statements": 25, "percent_covered": 100.0, "percent_covered_display": "100", "missing_lines": 0, "excluded_lines": 2, "percent_statements_covered": 100.0, "percent_statements_covered_display": "100"}, "missing_lines": [], "excluded_lines": [34, 35], "start_line": 1}}, "classes": {"": {"executed_lines": [7, 8, 10, 11, 13, 14, 15, 16, 17, 18, 19, 20, 21, 22, 23, 24, 25, 32, 38, 70, 71, 73, 74, 75, 76, 81, 82, 83, 86, 120, 121, 122, 123, 124, 125, 127, 129, 132, 133, 134, 139, 140, 145, 173, 174, 189, 192, 203, 207, 209, 212, 224, 225, 226, 227, 233, 236, 253, 263, 271, 293, 301, 323, 337, 354, 363, 364, 365, 367], "summary": {"covered_lines": 69, "num_statements": 70, "percent_covered": 98.57142857142857, "percent_covered_display": "99", "missing_lines": 1, "excluded_lines": 2, "percent_statements_covered": 98.57142857142857, "percent_statements_covered_display": "99"}, "missing_lines": [78], "excluded_lines": [34, 35], "start_line": 1}}}, "src/olav/cli/cli_commands_c2.py": {"executed_lines": [13, 14, 16, 22, 25, 31, 33, 48, 49, 50, 51, 53, 54, 55, 56, 57, 58, 60, 61, 62, 63, 65, 66, 67, 68, 69, 71, 72, 73, 74, 75, 77, 78, 79, 80, 82, 83, 84, 85, 86, 87, 89, 90, 92, 105, 106, 108, 109, 110, 113, 114, 115, 116, 119, 120, 121, 123, 124, 125, 128, 129, 130, 131, 132, 133, 134, 135, 136, 137, 138, 140, 143, 144, 145, 147, 148, 150, 156, 157, 158, 160, 163, 164, 166, 168, 169, 171, 174, 175, 179, 182, 183, 187, 190, 191, 192, 193, 195, 197, 198, 199, 200, 202, 204, 211, 214, 220, 221, 222, 224, 233, 234, 236, 237, 238, 239, 241, 243, 244, 246, 247, 248, 249, 251, 252, 253, 255, 264, 266, 267, 269, 270, 272, 273, 274, 275, 277, 286, 287, 289, 290, 291, 292, 294, 295, 296, 297, 299, 300, 302, 303, 304, 305, 307, 309, 316, 319, 325, 326, 327, 329, 338, 339, 341, 342, 343, 344, 347, 348, 349, 350, 351, 354, 355, 356, 357, 358, 359, 360, 362, 363, 364, 365, 367, 376, 377, 379, 380, 381, 382, 384, 385, 386, 387, 390, 391, 393, 394, 395, 396, 398, 400, 402, 411, 412, 414, 416, 417, 420, 448, 449, 450, 451, 452, 459, 462, 468, 469, 471, 477, 478, 479, 480, 482, 485, 489, 490, 491, 492, 494, 495, 498, 503, 504, 505, 506, 507, 509, 512, 513, 514, 515, 516, 517, 518, 519, 520, 522, 524, 525, 526, 527, 529, 531, 538, 541, 548, 549, 550, 552, 554, 556, 558, 560, 562, 564, 566], "summary": {"covered_lines": 267, "num_statements": 267, "percent_covered": 100.0, "percent_covered_display": "100", "missing_lines": 0, "excluded_lines": 0, "percent_statements_covered": 100.0, "percent_statements_covered_display": "100"}, "missing_lines": [], "excluded_lines": [], "functions": {"ConfigCommand.__init__": {"executed_lines": [31], "summary": {"covered_lines": 1, "num_statements": 1, "percent_covered": 100.0, "percent_covered_display": "100", "missing_lines": 0, "excluded_lines": 0, "percent_statements_covered": 100.0, "percent_statements_covered_display": "100"}, "missing_lines": [], "excluded_lines": [], "start_line": 25}, "ConfigCommand.show": {"executed_lines": [48, 49, 50, 51, 53, 54, 55, 56, 57, 58, 60, 61, 62, 63, 65, 66, 67, 68, 69, 71, 72, 73, 74, 75, 77, 78, 79, 80, 82, 83, 84, 85, 86, 87, 89, 90], "summary": {"covered_lines": 36, "num_statements": 36, "percent_covered": 100.0, "percent_covered_display": "100", "missing_lines": 0, "excluded_lines": 0, "percent_statements_covered": 100.0, "percent_statements_covered_display": "100"}, "missing_lines": [], "excluded_lines": [], "start_line": 33}, "ConfigCommand.set": {"executed_lines": [105, 106, 108, 109, 110, 113, 114, 115, 116, 119, 120, 121, 123, 124, 125, 128, 129, 130, 131, 132, 133, 134, 135, 136, 137, 138, 140, 143, 144, 145, 147, 148], "summary": {"covered_lines": 32, "num_statements": 32, "percent_covered": 100.0, "percent_covered_display": "100", "missing_lines": 0, "excluded_lines": 0, "percent_statements_covered": 100.0, "percent_statements_covered_display": "100"}, "missing_lines": [], "excluded_lines": [], "start_line": 92}, "ConfigCommand.validate": {"executed_lines": [156, 157, 158, 160, 163, 164, 166, 168, 169, 171, 174, 175, 179, 182, 183, 187, 190, 191, 192, 193, 195, 197, 198, 199, 200, 202, 204], "summary": {"covered_lines": 27, "num_statements": 27, "percent_covered": 100.0, "percent_covered_display": "100", "missing_lines": 0, "excluded_lines": 0, "percent_statements_covered": 100.0, "percent_statements_covered_display": "100"}, "missing_lines": [], "excluded_lines": [], "start_line": 150}, "SkillCommand.__init__": {"executed_lines": [220, 221, 222], "summary": {"covered_lines": 3, "num_statements": 3, "percent_covered": 100.0, "percent_covered_display": "100", "missing_lines": 0, "excluded_lines": 0, "percent_statements_covered": 100.0, "percent_statements_covered_display": "100"}, "missing_lines": [], "excluded_lines": [], "start_line": 214}, "SkillCommand.list_skills": {"executed_lines": [233, 234, 236, 237, 238, 239, 241, 243, 244, 246, 247, 248, 249, 251, 252, 253], "summary": {"covered_lines": 16, "num_statements": 16, "percent_covered": 100.0, "percent_covered_display": "100", "missing_lines": 0, "excluded_lines": 0, "percent_statements_covered": 100.0, "percent_statements_covered_display": "100"}, "missing_lines": [], "excluded_lines": [], "start_line": 224}, "SkillCommand.show_skill": {"executed_lines": [264, 266, 267, 269, 270, 272, 273, 274, 275], "summary": {"covered_lines": 9, "num_statements": 9, "percent_covered": 100.0, "percent_covered_display": "100", "missing_lines": 0, "excluded_lines": 0, "percent_statements_covered": 100.0, "percent_statements_covered_display": "100"}, "missing_lines": [], "excluded_lines": [], "start_line": 255}, "SkillCommand.search_skills": {"executed_lines": [286, 287, 289, 290, 291, 292, 294, 295, 296, 297, 299, 300, 302, 303, 304, 305, 307, 309], "summary": {"covered_lines": 18, "num_statements": 18, "percent_covered": 100.0, "percent_covered_display": "100", "missing_lines": 0, "excluded_lines": 0, "percent_statements_covered": 100.0, "percent_statements_covered_display": "100"}, "missing_lines": [], "excluded_lines": [], "start_line": 277}, "KnowledgeCommand.__init__": {"executed_lines": [325, 326, 327], "summary": {"covered_lines": 3, "num_statements": 3, "percent_covered": 100.0, "percent_covered_display": "100", "missing_lines": 0, "excluded_lines": 0, "percent_statements_covered": 100.0, "percent_statements_covered_display": "100"}, "missing_lines": [], "excluded_lines": [], "start_line": 319}, "KnowledgeCommand.list_knowledge": {"executed_lines": [338, 339, 341, 342, 343, 344, 347, 348, 349, 350, 351, 354, 355, 356, 357, 358, 359, 360, 362, 363, 364, 365], "summary": {"covered_lines": 22, "num_statements": 22, "percent_covered": 100.0, "percent_covered_display": "100", "missing_lines": 0, "excluded_lines": 0, "percent_statements_covered": 100.0, "percent_statements_covered_display": "100"}, "missing_lines": [], "excluded_lines": [], "start_line": 329}, "KnowledgeCommand.search_knowledge": {"executed_lines": [376, 377, 379, 380, 381, 382, 384, 385, 386, 387, 390, 391, 393, 394, 395, 396, 398, 400], "summary": {"covered_lines": 18, "num_statements": 18, "percent_covered": 100.0, "percent_covered_display": "100", "missing_lines": 0, "excluded_lines": 0, "percent_statements_covered": 100.0, "percent_statements_covered_display": "100"}, "missing_lines": [], "excluded_lines": [], "start_line": 367}, "KnowledgeCommand.add_solution": {"executed_lines": [411, 412, 414, 416, 417, 420, 448, 449, 450, 451, 452], "summary": {"covered_lines": 11, "num_statements": 11, "percent_covered": 100.0, "percent_covered_display": "100", "missing_lines": 0, "excluded_lines": 0, "percent_statements_covered": 100.0, "percent_statements_covered_display": "100"}, "missing_lines": [], "excluded_lines": [], "start_line": 402}, "ValidateCommand.__init__": {"executed_lines": [468, 469], "summary": {"covered_lines": 2, "num_statements": 2, "percent_covered": 100.0, "percent_covered_display": "100", "missing_lines": 0, "excluded_lines": 0, "percent_statements_covered": 100.0, "percent_statements_covered_display": "100"}, "missing_lines": [], "excluded_lines": [], "start_line": 462}, "ValidateCommand.validate_all": {"executed_lines": [477, 478, 479, 480, 482, 485, 489, 490, 491, 492, 494, 495, 498, 503, 504, 505, 506, 507, 509, 512, 513, 514, 515, 516, 517, 518, 519, 520, 522, 524, 525, 526, 527, 529, 531], "summary": {"covered_lines": 35, "num_statements": 35, "percent_covered": 100.0, "percent_covered_display": "100", "missing_lines": 0, "excluded_lines": 0, "percent_statements_covered": 100.0, "percent_statements_covered_display": "100"}, "missing_lines": [], "excluded_lines": [], "start_line": 471}, "CLICommandFactory.__init__": {"executed_lines": [548, 549, 550], "summary": {"covered_lines": 3, "num_statements": 3, "percent_covered": 100.0, "percent_covered_display": "100", "missing_lines": 0, "excluded_lines": 0, "percent_statements_covered": 100.0, "percent_statements_covered_display": "100"}, "missing_lines": [], "excluded_lines": [], "start_line": 541}, "CLICommandFactory.create_config_command": {"executed_lines": [554], "summary": {"covered_lines": 1, "num_statements": 1, "percent_covered": 100.0, "percent_covered_display": "100", "missing_lines": 0, "excluded_lines": 0, "percent_statements_covered": 100.0, "percent_statements_covered_display": "100"}, "missing_lines": [], "excluded_lines": [], "start_line": 552}, "CLICommandFactory.create_skill_command": {"executed_lines": [558], "summary": {"covered_lines": 1, "num_statements": 1, "percent_covered": 100.0, "percent_covered_display": "100", "missing_lines": 0, "excluded_lines": 0, "percent_statements_covered": 100.0, "percent_statements_covered_display": "100"}, "missing_lines": [], "excluded_lines": [], "start_line": 556}, "CLICommandFactory.create_knowledge_command": {"executed_lines": [562], "summary": {"covered_lines": 1, "num_statements": 1, "percent_covered": 100.0, "percent_covered_display": "100", "missing_lines": 0, "excluded_lines": 0, "percent_statements_covered": 100.0, "percent_statements_covered_display": "100"}, "missing_lines": [], "excluded_lines": [], "start_line": 560}, "CLICommandFactory.create_validate_command": {"executed_lines": [566], "summary": {"covered_lines": 1, "num_statements": 1, "percent_covered": 100.0, "percent_covered_display": "100", "missing_lines": 0, "excluded_lines": 0, "percent_statements_covered": 100.0, "percent_statements_covered_display": "100"}, "missing_lines": [], "excluded_lines": [], "start_line": 564}, "": {"executed_lines": [13, 14, 16, 22, 25, 33, 92, 150, 211, 214, 224, 255, 277, 316, 319, 329, 367, 402, 459, 462, 471, 538, 541, 552, 556, 560, 564], "summary": {"covered_lines": 27, "num_statements": 27, "percent_covered": 100.0, "percent_covered_display": "100", "missing_lines": 0, "excluded_lines": 0, "percent_statements_covered": 100.0, "percent_statements_covered_display": "100"}, "missing_lines": [], "excluded_lines": [], "start_line": 1}}, "classes": {"ConfigCommand": {"executed_lines": [31, 48, 49, 50, 51, 53, 54, 55, 56, 57, 58, 60, 61, 62, 63, 65, 66, 67, 68, 69, 71, 72, 73, 74, 75, 77, 78, 79, 80, 82, 83, 84, 85, 86, 87, 89, 90, 105, 106, 108, 109, 110, 113, 114, 115, 116, 119, 120, 121, 123, 124, 125, 128, 129, 130, 131, 132, 133, 134, 135, 136, 137, 138, 140, 143, 144, 145, 147, 148, 156, 157, 158, 160, 163, 164, 166, 168, 169, 171, 174, 175, 179, 182, 183, 187, 190, 191, 192, 193, 195, 197, 198, 199, 200, 202, 204], "summary": {"covered_lines": 96, "num_statements": 96, "percent_covered": 100.0, "percent_covered_display": "100", "missing_lines": 0, "excluded_lines": 0, "percent_statements_covered": 100.0, "percent_statements_covered_display": "100"}, "missing_lines": [], "excluded_lines": [], "start_line": 22}, "SkillCommand": {"executed_lines": [220, 221, 222, 233, 234, 236, 237, 238, 239, 241, 243, 244, 246, 247, 248, 249, 251, 252, 253, 264, 266, 267, 269, 270, 272, 273, 274, 275, 286, 287, 289, 290, 291, 292, 294, 295, 296, 297, 299, 300, 302, 303, 304, 305, 307, 309], "summary": {"covered_lines": 46, "num_statements": 46, "percent_covered": 100.0, "percent_covered_display": "100", "missing_lines": 0, "excluded_lines": 0, "percent_statements_covered": 100.0, "percent_statements_covered_display": "100"}, "missing_lines": [], "excluded_lines": [], "start_line": 211}, "KnowledgeCommand": {"executed_lines": [325, 326, 327, 338, 339, 341, 342, 343, 344, 347, 348, 349, 350, 351, 354, 355, 356, 357, 358, 359, 360, 362, 363, 364, 365, 376, 377, 379, 380, 381, 382, 384, 385, 386, 387, 390, 391, 393, 394, 395, 396, 398, 400, 411, 412, 414, 416, 417, 420, 448, 449, 450, 451, 452], "summary": {"covered_lines": 54, "num_statements": 54, "percent_covered": 100.0, "percent_covered_display": "100", "missing_lines": 0, "excluded_lines": 0, "percent_statements_covered": 100.0, "percent_statements_covered_display": "100"}, "missing_lines": [], "excluded_lines": [], "start_line": 316}, "ValidateCommand": {"executed_lines": [468, 469, 477, 478, 479, 480, 482, 485, 489, 490, 491, 492, 494, 495, 498, 503, 504, 505, 506, 507, 509, 512, 513, 514, 515, 516, 517, 518, 519, 520, 522, 524, 525, 526, 527, 529, 531], "summary": {"covered_lines": 37, "num_statements": 37, "percent_covered": 100.0, "percent_covered_display": "100", "missing_lines": 0, "excluded_lines": 0, "percent_statements_covered": 100.0, "percent_statements_covered_display": "100"}, "missing_lines": [], "excluded_lines": [], "start_line": 459}, "CLICommandFactory": {"executed_lines": [548, 549, 550, 554, 558, 562, 566], "summary": {"covered_lines": 7, "num_statements": 7, "percent_covered": 100.0, "percent_covered_display": "100", "missing_lines": 0, "excluded_lines": 0, "percent_statements_covered": 100.0, "percent_statements_covered_display": "100"}, "missing_lines": [], "excluded_lines": [], "start_line": 538}, "": {"executed_lines": [13, 14, 16, 22, 25, 33, 92, 150, 211, 214, 224, 255, 277, 316, 319, 329, 367, 402, 459, 462, 471, 538, 541, 552, 556, 560, 564], "summary": {"covered_lines": 27, "num_statements": 27, "percent_covered": 100.0, "percent_covered_display": "100", "missing_lines": 0, "excluded_lines": 0, "percent_statements_covered": 100.0, "percent_statements_covered_display": "100"}, "missing_lines": [], "excluded_lines": [], "start_line": 1}}}, "src/olav/cli/cli_main.py": {"executed_lines": [11, 12, 13, 15, 16, 17, 24, 25, 33, 82, 185, 186, 219, 220, 235, 236, 248, 249, 323], "summary": {"covered_lines": 19, "num_statements": 156, "percent_covered": 12.179487179487179, "percent_covered_display": "12", "missing_lines": 137, "excluded_lines": 5, "percent_statements_covered": 12.179487179487179, "percent_statements_covered_display": "12"}, "missing_lines": [45, 46, 48, 50, 52, 53, 54, 55, 58, 60, 61, 63, 64, 66, 67, 68, 69, 71, 72, 73, 76, 77, 79, 94, 95, 97, 99, 100, 102, 105, 107, 108, 111, 112, 114, 121, 122, 123, 125, 126, 127, 128, 131, 134, 135, 137, 138, 145, 146, 147, 148, 149, 150, 151, 152, 153, 157, 160, 161, 162, 163, 165, 166, 168, 170, 171, 173, 175, 176, 177, 178, 179, 180, 182, 196, 198, 200, 201, 202, 204, 205, 207, 208, 210, 211, 212, 213, 215, 216, 222, 224, 225, 226, 227, 230, 231, 232, 238, 252, 253, 256, 257, 258, 259, 261, 263, 264, 265, 266, 269, 271, 273, 274, 276, 282, 283, 289, 290, 291, 299, 300, 301, 302, 305, 312, 313, 315, 316, 317, 318, 319, 320, 325, 326, 327, 328, 329], "excluded_lines": [19, 20, 21, 332, 333], "functions": {"stream_agent_response": {"executed_lines": [], "summary": {"covered_lines": 0, "num_statements": 18, "percent_covered": 0.0, "percent_covered_display": "0", "missing_lines": 18, "excluded_lines": 0, "percent_statements_covered": 0.0, "percent_statements_covered_display": "0"}, "missing_lines": [45, 46, 48, 58, 60, 61, 63, 64, 66, 67, 68, 69, 71, 72, 73, 76, 77, 79], "excluded_lines": [], "start_line": 33}, "stream_agent_response.extract_ai_content": {"executed_lines": [], "summary": {"covered_lines": 0, "num_statements": 5, "percent_covered": 0.0, "percent_covered_display": "0", "missing_lines": 5, "excluded_lines": 0, "percent_statements_covered": 0.0, "percent_statements_covered_display": "0"}, "missing_lines": [50, 52, 53, 54, 55], "excluded_lines": [], "start_line": 48}, "run_interactive_loop": {"executed_lines": [], "summary": {"covered_lines": 0, "num_statements": 51, "percent_covered": 0.0, "percent_covered_display": "0", "missing_lines": 51, "excluded_lines": 0, "percent_statements_covered": 0.0, "percent_statements_covered_display": "0"}, "missing_lines": [94, 95, 97, 99, 100, 102, 105, 107, 108, 111, 112, 114, 121, 122, 123, 125, 126, 127, 128, 131, 134, 135, 137, 138, 145, 146, 147, 148, 149, 150, 151, 152, 153, 157, 160, 161, 162, 163, 165, 166, 168, 170, 171, 173, 175, 176, 177, 178, 179, 180, 182], "excluded_lines": [], "start_line": 82}, "query": {"executed_lines": [], "summary": {"covered_lines": 0, "num_statements": 15, "percent_covered": 0.0, "percent_covered_display": "0", "missing_lines": 15, "excluded_lines": 0, "percent_statements_covered": 0.0, "percent_statements_covered_display": "0"}, "missing_lines": [196, 198, 200, 201, 202, 204, 205, 207, 208, 210, 211, 212, 213, 215, 216], "excluded_lines": [], "start_line": 186}, "devices": {"executed_lines": [], "summary": {"covered_lines": 0, "num_statements": 8, "percent_covered": 0.0, "percent_covered_display": "0", "missing_lines": 8, "excluded_lines": 0, "percent_statements_covered": 0.0, "percent_statements_covered_display": "0"}, "missing_lines": [222, 224, 225, 226, 227, 230, 231, 232], "excluded_lines": [], "start_line": 220}, "version": {"executed_lines": [], "summary": {"covered_lines": 0, "num_statements": 1, "percent_covered": 0.0, "percent_covered_display": "0", "missing_lines": 1, "excluded_lines": 0, "percent_statements_covered": 0.0, "percent_statements_covered_display": "0"}, "missing_lines": [238], "excluded_lines": [], "start_line": 236}, "interactive_mode": {"executed_lines": [], "summary": {"covered_lines": 0, "num_statements": 34, "percent_covered": 0.0, "percent_covered_display": "0", "missing_lines": 34, "excluded_lines": 0, "percent_statements_covered": 0.0, "percent_statements_covered_display": "0"}, "missing_lines": [252, 253, 256, 257, 258, 259, 261, 263, 264, 265, 266, 269, 271, 273, 274, 276, 282, 283, 289, 290, 291, 299, 300, 301, 302, 305, 312, 313, 315, 316, 317, 318, 319, 320], "excluded_lines": [], "start_line": 249}, "main": {"executed_lines": [], "summary": {"covered_lines": 0, "num_statements": 5, "percent_covered": 0.0, "percent_covered_display": "0", "missing_lines": 5, "excluded_lines": 0, "percent_statements_covered": 0.0, "percent_statements_covered_display": "0"}, "missing_lines": [325, 326, 327, 328, 329], "excluded_lines": [], "start_line": 323}, "": {"executed_lines": [11, 12, 13, 15, 16, 17, 24, 25, 33, 82, 185, 186, 219, 220, 235, 236, 248, 249, 323], "summary": {"covered_lines": 19, "num_statements": 19, "percent_covered": 100.0, "percent_covered_display": "100", "missing_lines": 0, "excluded_lines": 5, "percent_statements_covered": 100.0, "percent_statements_covered_display": "100"}, "missing_lines": [], "excluded_lines": [19, 20, 21, 332, 333], "start_line": 1}}, "classes": {"": {"executed_lines": [11, 12, 13, 15, 16, 17, 24, 25, 33, 82, 185, 186, 219, 220, 235, 236, 248, 249, 323], "summary": {"covered_lines": 19, "num_statements": 156, "percent_covered": 12.179487179487179, "percent_covered_display": "12", "missing_lines": 137, "excluded_lines": 5, "percent_statements_covered": 12.179487179487179, "percent_statements_covered_display": "12"}, "missing_lines": [45, 46, 48, 50, 52, 53, 54, 55, 58, 60, 61, 63, 64, 66, 67, 68, 69, 71, 72, 73, 76, 77, 79, 94, 95, 97, 99, 100, 102, 105, 107, 108, 111, 112, 114, 121, 122, 123, 125, 126, 127, 128, 131, 134, 135, 137, 138, 145, 146, 147, 148, 149, 150, 151, 152, 153, 157, 160, 161, 162, 163, 165, 166, 168, 170, 171, 173, 175, 176, 177, 178, 179, 180, 182, 196, 198, 200, 201, 202, 204, 205, 207, 208, 210, 211, 212, 213, 215, 216, 222, 224, 225, 226, 227, 230, 231, 232, 238, 252, 253, 256, 257, 258, 259, 261, 263, 264, 265, 266, 269, 271, 273, 274, 276, 282, 283, 289, 290, 291, 299, 300, 301, 302, 305, 312, 313, 315, 316, 317, 318, 319, 320, 325, 326, 327, 328, 329], "excluded_lines": [19, 20, 21, 332, 333], "start_line": 1}}}, "src/olav/cli/commands.py": {"executed_lines": [7, 10, 13, 27, 28, 29, 31, 34, 90, 91, 122, 123, 155, 156, 202, 203, 253, 254, 270, 271, 287, 288, 309, 310, 363, 364, 413, 414, 455, 456, 494, 495, 504, 505, 519, 534], "summary": {"covered_lines": 36, "num_statements": 188, "percent_covered": 19.148936170212767, "percent_covered_display": "19", "missing_lines": 152, "excluded_lines": 0, "percent_statements_covered": 19.148936170212767, "percent_statements_covered_display": "19"}, "missing_lines": [52, 55, 56, 59, 60, 61, 64, 65, 68, 69, 72, 73, 75, 77, 78, 79, 80, 81, 82, 102, 104, 105, 107, 109, 110, 111, 114, 116, 117, 118, 119, 133, 135, 137, 139, 140, 141, 142, 144, 147, 148, 149, 150, 151, 152, 175, 176, 177, 179, 180, 182, 184, 185, 192, 193, 194, 196, 198, 199, 225, 226, 227, 229, 230, 232, 233, 234, 236, 243, 244, 245, 247, 249, 250, 260, 261, 263, 264, 265, 266, 267, 277, 278, 280, 281, 282, 283, 284, 294, 295, 297, 298, 299, 305, 306, 316, 318, 319, 320, 321, 322, 324, 327, 389, 390, 391, 393, 394, 395, 396, 403, 404, 405, 407, 409, 410, 431, 432, 433, 435, 436, 437, 438, 445, 446, 447, 449, 451, 452, 469, 470, 472, 474, 475, 477, 478, 480, 481, 483, 485, 486, 490, 491, 501, 511, 525, 526, 528, 529, 530, 531, 543], "excluded_lines": [], "functions": {"register_command": {"executed_lines": [27, 31], "summary": {"covered_lines": 2, "num_statements": 2, "percent_covered": 100.0, "percent_covered_display": "100", "missing_lines": 0, "excluded_lines": 0, "percent_statements_covered": 100.0, "percent_statements_covered_display": "100"}, "missing_lines": [], "excluded_lines": [], "start_line": 13}, "register_command.decorator": {"executed_lines": [28, 29], "summary": {"covered_lines": 2, "num_statements": 2, "percent_covered": 100.0, "percent_covered_display": "100", "missing_lines": 0, "excluded_lines": 0, "percent_statements_covered": 100.0, "percent_statements_covered_display": "100"}, "missing_lines": [], "excluded_lines": [], "start_line": 27}, "execute_command": {"executed_lines": [], "summary": {"covered_lines": 0, "num_statements": 19, "percent_covered": 0.0, "percent_covered_display": "0", "missing_lines": 19, "excluded_lines": 0, "percent_statements_covered": 0.0, "percent_statements_covered_display": "0"}, "missing_lines": [52, 55, 56, 59, 60, 61, 64, 65, 68, 69, 72, 73, 75, 77, 78, 79, 80, 81, 82], "excluded_lines": [], "start_line": 34}, "cmd_devices": {"executed_lines": [], "summary": {"covered_lines": 0, "num_statements": 12, "percent_covered": 0.0, "percent_covered_display": "0", "missing_lines": 12, "excluded_lines": 0, "percent_statements_covered": 0.0, "percent_statements_covered_display": "0"}, "missing_lines": [102, 104, 105, 107, 109, 110, 111, 114, 116, 117, 118, 119], "excluded_lines": [], "start_line": 91}, "cmd_skills": {"executed_lines": [], "summary": {"covered_lines": 0, "num_statements": 14, "percent_covered": 0.0, "percent_covered_display": "0", "missing_lines": 14, "excluded_lines": 0, "percent_statements_covered": 0.0, "percent_statements_covered_display": "0"}, "missing_lines": [133, 135, 137, 139, 140, 141, 142, 144, 147, 148, 149, 150, 151, 152], "excluded_lines": [], "start_line": 123}, "cmd_inspect": {"executed_lines": [], "summary": {"covered_lines": 0, "num_statements": 14, "percent_covered": 0.0, "percent_covered_display": "0", "missing_lines": 14, "excluded_lines": 0, "percent_statements_covered": 0.0, "percent_statements_covered_display": "0"}, "missing_lines": [175, 176, 177, 179, 180, 182, 184, 185, 192, 193, 194, 196, 198, 199], "excluded_lines": [], "start_line": 156}, "cmd_query": {"executed_lines": [], "summary": {"covered_lines": 0, "num_statements": 15, "percent_covered": 0.0, "percent_covered_display": "0", "missing_lines": 15, "excluded_lines": 0, "percent_statements_covered": 0.0, "percent_statements_covered_display": "0"}, "missing_lines": [225, 226, 227, 229, 230, 232, 233, 234, 236, 243, 244, 245, 247, 249, 250], "excluded_lines": [], "start_line": 203}, "cmd_reload": {"executed_lines": [], "summary": {"covered_lines": 0, "num_statements": 7, "percent_covered": 0.0, "percent_covered_display": "0", "missing_lines": 7, "excluded_lines": 0, "percent_statements_covered": 0.0, "percent_statements_covered_display": "0"}, "missing_lines": [260, 261, 263, 264, 265, 266, 267], "excluded_lines": [], "start_line": 254}, "cmd_clear": {"executed_lines": [], "summary": {"covered_lines": 0, "num_statements": 7, "percent_covered": 0.0, "percent_covered_display": "0", "missing_lines": 7, "excluded_lines": 0, "percent_statements_covered": 0.0, "percent_statements_covered_display": "0"}, "missing_lines": [277, 278, 280, 281, 282, 283, 284], "excluded_lines": [], "start_line": 271}, "cmd_history": {"executed_lines": [], "summary": {"covered_lines": 0, "num_statements": 7, "percent_covered": 0.0, "percent_covered_display": "0", "missing_lines": 7, "excluded_lines": 0, "percent_statements_covered": 0.0, "percent_statements_covered_display": "0"}, "missing_lines": [294, 295, 297, 298, 299, 305, 306], "excluded_lines": [], "start_line": 288}, "cmd_help": {"executed_lines": [], "summary": {"covered_lines": 0, "num_statements": 8, "percent_covered": 0.0, "percent_covered_display": "0", "missing_lines": 8, "excluded_lines": 0, "percent_statements_covered": 0.0, "percent_statements_covered_display": "0"}, "missing_lines": [316, 318, 319, 320, 321, 322, 324, 327], "excluded_lines": [], "start_line": 310}, "cmd_backup": {"executed_lines": [], "summary": {"covered_lines": 0, "num_statements": 13, "percent_covered": 0.0, "percent_covered_display": "0", "missing_lines": 13, "excluded_lines": 0, "percent_statements_covered": 0.0, "percent_statements_covered_display": "0"}, "missing_lines": [389, 390, 391, 393, 394, 395, 396, 403, 404, 405, 407, 409, 410], "excluded_lines": [], "start_line": 364}, "cmd_analyze": {"executed_lines": [], "summary": {"covered_lines": 0, "num_statements": 13, "percent_covered": 0.0, "percent_covered_display": "0", "missing_lines": 13, "excluded_lines": 0, "percent_statements_covered": 0.0, "percent_statements_covered_display": "0"}, "missing_lines": [431, 432, 433, 435, 436, 437, 438, 445, 446, 447, 449, 451, 452], "excluded_lines": [], "start_line": 414}, "cmd_search": {"executed_lines": [], "summary": {"covered_lines": 0, "num_statements": 14, "percent_covered": 0.0, "percent_covered_display": "0", "missing_lines": 14, "excluded_lines": 0, "percent_statements_covered": 0.0, "percent_statements_covered_display": "0"}, "missing_lines": [469, 470, 472, 474, 475, 477, 478, 480, 481, 483, 485, 486, 490, 491], "excluded_lines": [], "start_line": 456}, "cmd_quit": {"executed_lines": [], "summary": {"covered_lines": 0, "num_statements": 1, "percent_covered": 0.0, "percent_covered_display": "0", "missing_lines": 1, "excluded_lines": 0, "percent_statements_covered": 0.0, "percent_statements_covered_display": "0"}, "missing_lines": [501], "excluded_lines": [], "start_line": 495}, "cmd_exit": {"executed_lines": [], "summary": {"covered_lines": 0, "num_statements": 1, "percent_covered": 0.0, "percent_covered_display": "0", "missing_lines": 1, "excluded_lines": 0, "percent_statements_covered": 0.0, "percent_statements_covered_display": "0"}, "missing_lines": [511], "excluded_lines": [], "start_line": 505}, "get_all_commands": {"executed_lines": [], "summary": {"covered_lines": 0, "num_statements": 6, "percent_covered": 0.0, "percent_covered_display": "0", "missing_lines": 6, "excluded_lines": 0, "percent_statements_covered": 0.0, "percent_statements_covered_display": "0"}, "missing_lines": [525, 526, 528, 529, 530, 531], "excluded_lines": [], "start_line": 519}, "is_slash_command": {"executed_lines": [], "summary": {"covered_lines": 0, "num_statements": 1, "percent_covered": 0.0, "percent_covered_display": "0", "missing_lines": 1, "excluded_lines": 0, "percent_statements_covered": 0.0, "percent_statements_covered_display": "0"}, "missing_lines": [543], "excluded_lines": [], "start_line": 534}, "": {"executed_lines": [7, 10, 13, 34, 90, 91, 122, 123, 155, 156, 202, 203, 253, 254, 270, 271, 287, 288, 309, 310, 363, 364, 413, 414, 455, 456, 494, 495, 504, 505, 519, 534], "summary": {"covered_lines": 32, "num_statements": 32, "percent_covered": 100.0, "percent_covered_display": "100", "missing_lines": 0, "excluded_lines": 0, "percent_statements_covered": 100.0, "percent_statements_covered_display": "100"}, "missing_lines": [], "excluded_lines": [], "start_line": 1}}, "classes": {"": {"executed_lines": [7, 10, 13, 27, 28, 29, 31, 34, 90, 91, 122, 123, 155, 156, 202, 203, 253, 254, 270, 271, 287, 288, 309, 310, 363, 364, 413, 414, 455, 456, 494, 495, 504, 505, 519, 534], "summary": {"covered_lines": 36, "num_statements": 188, "percent_covered": 19.148936170212767, "percent_covered_display": "19", "missing_lines": 152, "excluded_lines": 0, "percent_statements_covered": 19.148936170212767, "percent_statements_covered_display": "19"}, "missing_lines": [52, 55, 56, 59, 60, 61, 64, 65, 68, 69, 72, 73, 75, 77, 78, 79, 80, 81, 82, 102, 104, 105, 107, 109, 110, 111, 114, 116, 117, 118, 119, 133, 135, 137, 139, 140, 141, 142, 144, 147, 148, 149, 150, 151, 152, 175, 176, 177, 179, 180, 182, 184, 185, 192, 193, 194, 196, 198, 199, 225, 226, 227, 229, 230, 232, 233, 234, 236, 243, 244, 245, 247, 249, 250, 260, 261, 263, 264, 265, 266, 267, 277, 278, 280, 281, 282, 283, 284, 294, 295, 297, 298, 299, 305, 306, 316, 318, 319, 320, 321, 322, 324, 327, 389, 390, 391, 393, 394, 395, 396, 403, 404, 405, 407, 409, 410, 431, 432, 433, 435, 436, 437, 438, 445, 446, 447, 449, 451, 452, 469, 470, 472, 474, 475, 477, 478, 480, 481, 483, 485, 486, 490, 491, 501, 511, 525, 526, 528, 529, 530, 531, 543], "excluded_lines": [], "start_line": 1}}}, "src/olav/cli/display.py": {"executed_lines": [9, 10, 11, 13, 20, 29, 30, 32, 33, 35, 38, 47, 48, 50, 55, 57, 58, 60, 61, 62, 64, 65, 67, 68, 70, 71, 74, 83, 84, 86, 88, 89, 91, 92, 95, 96, 99, 105, 106, 109, 110, 111, 114, 121, 122, 125, 132, 133, 135, 138, 145, 146, 148], "summary": {"covered_lines": 53, "num_statements": 61, "percent_covered": 86.88524590163935, "percent_covered_display": "87", "missing_lines": 8, "excluded_lines": 0, "percent_statements_covered": 86.88524590163935, "percent_statements_covered_display": "87"}, "missing_lines": [14, 15, 16, 17, 51, 53, 115, 119], "excluded_lines": [], "functions": {"get_banner": {"executed_lines": [29, 30, 32, 33, 35], "summary": {"covered_lines": 5, "num_statements": 5, "percent_covered": 100.0, "percent_covered_display": "100", "missing_lines": 0, "excluded_lines": 0, "percent_statements_covered": 100.0, "percent_statements_covered_display": "100"}, "missing_lines": [], "excluded_lines": [], "start_line": 20}, "load_banner_from_config": {"executed_lines": [47, 48, 50, 55, 57, 58, 60, 61, 62, 64, 65, 67, 68, 70, 71], "summary": {"covered_lines": 15, "num_statements": 17, "percent_covered": 88.23529411764706, "percent_covered_display": "88", "missing_lines": 2, "excluded_lines": 0, "percent_statements_covered": 88.23529411764706, "percent_statements_covered_display": "88"}, "missing_lines": [51, 53], "excluded_lines": [], "start_line": 38}, "display_banner": {"executed_lines": [83, 84, 86, 88, 89, 91, 92, 95, 96], "summary": {"covered_lines": 9, "num_statements": 9, "percent_covered": 100.0, "percent_covered_display": "100", "missing_lines": 0, "excluded_lines": 0, "percent_statements_covered": 100.0, "percent_statements_covered_display": "100"}, "missing_lines": [], "excluded_lines": [], "start_line": 74}, "print_welcome": {"executed_lines": [105, 106, 109, 110, 111, 114, 121, 122], "summary": {"covered_lines": 8, "num_statements": 10, "percent_covered": 80.0, "percent_covered_display": "80", "missing_lines": 2, "excluded_lines": 0, "percent_statements_covered": 80.0, "percent_statements_covered_display": "80"}, "missing_lines": [115, 119], "excluded_lines": [], "start_line": 99}, "print_error": {"executed_lines": [132, 133, 135], "summary": {"covered_lines": 3, "num_statements": 3, "percent_covered": 100.0, "percent_covered_display": "100", "missing_lines": 0, "excluded_lines": 0, "percent_statements_covered": 100.0, "percent_statements_covered_display": "100"}, "missing_lines": [], "excluded_lines": [], "start_line": 125}, "print_success": {"executed_lines": [145, 146, 148], "summary": {"covered_lines": 3, "num_statements": 3, "percent_covered": 100.0, "percent_covered_display": "100", "missing_lines": 0, "excluded_lines": 0, "percent_statements_covered": 100.0, "percent_statements_covered_display": "100"}, "missing_lines": [], "excluded_lines": [], "start_line": 138}, "": {"executed_lines": [9, 10, 11, 13, 20, 38, 74, 99, 125, 138], "summary": {"covered_lines": 10, "num_statements": 14, "percent_covered": 71.42857142857143, "percent_covered_display": "71", "missing_lines": 4, "excluded_lines": 0, "percent_statements_covered": 71.42857142857143, "percent_statements_covered_display": "71"}, "missing_lines": [14, 15, 16, 17], "excluded_lines": [], "start_line": 1}}, "classes": {"": {"executed_lines": [9, 10, 11, 13, 20, 29, 30, 32, 33, 35, 38, 47, 48, 50, 55, 57, 58, 60, 61, 62, 64, 65, 67, 68, 70, 71, 74, 83, 84, 86, 88, 89, 91, 92, 95, 96, 99, 105, 106, 109, 110, 111, 114, 121, 122, 125, 132, 133, 135, 138, 145, 146, 148], "summary": {"covered_lines": 53, "num_statements": 61, "percent_covered": 86.88524590163935, "percent_covered_display": "87", "missing_lines": 8, "excluded_lines": 0, "percent_statements_covered": 86.88524590163935, "percent_statements_covered_display": "87"}, "missing_lines": [14, 15, 16, 17, 51, 53, 115, 119], "excluded_lines": [], "start_line": 1}}}, "src/olav/cli/input_parser.py": {"executed_lines": [9, 10, 11, 14, 27, 29, 30, 31, 34, 35, 37, 38, 39, 41, 42, 43, 45, 47, 48, 49, 50, 52, 55, 57, 60, 77, 80, 81, 82, 85, 87, 90, 102, 103, 111, 112, 113, 114, 116, 118, 119, 120, 121, 124, 139, 140, 143, 144, 147, 150, 153, 166, 169, 171, 172, 174, 175, 177, 178, 180], "summary": {"covered_lines": 60, "num_statements": 61, "percent_covered": 98.36065573770492, "percent_covered_display": "98", "missing_lines": 1, "excluded_lines": 0, "percent_statements_covered": 98.36065573770492, "percent_statements_covered_display": "98"}, "missing_lines": [148], "excluded_lines": [], "functions": {"expand_file_references": {"executed_lines": [27, 29, 57], "summary": {"covered_lines": 3, "num_statements": 3, "percent_covered": 100.0, "percent_covered_display": "100", "missing_lines": 0, "excluded_lines": 0, "percent_statements_covered": 100.0, "percent_statements_covered_display": "100"}, "missing_lines": [], "excluded_lines": [], "start_line": 14}, "expand_file_references.replace_ref": {"executed_lines": [30, 31, 34, 35, 37, 38, 39, 41, 42, 43, 45, 47, 48, 49, 50, 52, 55], "summary": {"covered_lines": 17, "num_statements": 17, "percent_covered": 100.0, "percent_covered_display": "100", "missing_lines": 0, "excluded_lines": 0, "percent_statements_covered": 100.0, "percent_statements_covered_display": "100"}, "missing_lines": [], "excluded_lines": [], "start_line": 29}, "parse_input": {"executed_lines": [77, 80, 81, 82, 85, 87], "summary": {"covered_lines": 6, "num_statements": 6, "percent_covered": 100.0, "percent_covered_display": "100", "missing_lines": 0, "excluded_lines": 0, "percent_statements_covered": 100.0, "percent_statements_covered_display": "100"}, "missing_lines": [], "excluded_lines": [], "start_line": 60}, "execute_shell_command": {"executed_lines": [102, 103, 111, 112, 113, 114, 116, 118, 119, 120, 121], "summary": {"covered_lines": 11, "num_statements": 11, "percent_covered": 100.0, "percent_covered_display": "100", "missing_lines": 0, "excluded_lines": 0, "percent_statements_covered": 100.0, "percent_statements_covered_display": "100"}, "missing_lines": [], "excluded_lines": [], "start_line": 90}, "detect_multiline": {"executed_lines": [139, 140, 143, 144, 147, 150], "summary": {"covered_lines": 6, "num_statements": 7, "percent_covered": 85.71428571428571, "percent_covered_display": "86", "missing_lines": 1, "excluded_lines": 0, "percent_statements_covered": 85.71428571428571, "percent_statements_covered_display": "86"}, "missing_lines": [148], "excluded_lines": [], "start_line": 124}, "strip_code_blocks": {"executed_lines": [166, 169, 171, 172, 174, 175, 177, 178, 180], "summary": {"covered_lines": 9, "num_statements": 9, "percent_covered": 100.0, "percent_covered_display": "100", "missing_lines": 0, "excluded_lines": 0, "percent_statements_covered": 100.0, "percent_statements_covered_display": "100"}, "missing_lines": [], "excluded_lines": [], "start_line": 153}, "": {"executed_lines": [9, 10, 11, 14, 60, 90, 124, 153], "summary": {"covered_lines": 8, "num_statements": 8, "percent_covered": 100.0, "percent_covered_display": "100", "missing_lines": 0, "excluded_lines": 0, "percent_statements_covered": 100.0, "percent_statements_covered_display": "100"}, "missing_lines": [], "excluded_lines": [], "start_line": 1}}, "classes": {"": {"executed_lines": [9, 10, 11, 14, 27, 29, 30, 31, 34, 35, 37, 38, 39, 41, 42, 43, 45, 47, 48, 49, 50, 52, 55, 57, 60, 77, 80, 81, 82, 85, 87, 90, 102, 103, 111, 112, 113, 114, 116, 118, 119, 120, 121, 124, 139, 140, 143, 144, 147, 150, 153, 166, 169, 171, 172, 174, 175, 177, 178, 180], "summary": {"covered_lines": 60, "num_statements": 61, "percent_covered": 98.36065573770492, "percent_covered_display": "98", "missing_lines": 1, "excluded_lines": 0, "percent_statements_covered": 98.36065573770492, "percent_statements_covered_display": "98"}, "missing_lines": [148], "excluded_lines": [], "start_line": 1}}}, "src/olav/cli/memory.py": {"executed_lines": [6, 7, 8, 11, 18, 20, 41, 57, 69, 85, 91, 104, 114, 126], "summary": {"covered_lines": 14, "num_statements": 53, "percent_covered": 26.41509433962264, "percent_covered_display": "26", "missing_lines": 39, "excluded_lines": 0, "percent_statements_covered": 26.41509433962264, "percent_statements_covered_display": "26"}, "missing_lines": [27, 29, 30, 31, 32, 34, 35, 37, 38, 39, 43, 44, 45, 46, 47, 48, 49, 51, 52, 55, 60, 62, 67, 77, 82, 83, 87, 88, 89, 100, 101, 102, 111, 112, 124, 132, 133, 136, 138], "excluded_lines": [], "functions": {"AgentMemory.__init__": {"executed_lines": [], "summary": {"covered_lines": 0, "num_statements": 10, "percent_covered": 0.0, "percent_covered_display": "0", "missing_lines": 10, "excluded_lines": 0, "percent_statements_covered": 0.0, "percent_statements_covered_display": "0"}, "missing_lines": [27, 29, 30, 31, 32, 34, 35, 37, 38, 39], "excluded_lines": [], "start_line": 20}, "AgentMemory._load": {"executed_lines": [], "summary": {"covered_lines": 0, "num_statements": 10, "percent_covered": 0.0, "percent_covered_display": "0", "missing_lines": 10, "excluded_lines": 0, "percent_statements_covered": 0.0, "percent_statements_covered_display": "0"}, "missing_lines": [43, 44, 45, 46, 47, 48, 49, 51, 52, 55], "excluded_lines": [], "start_line": 41}, "AgentMemory.save": {"executed_lines": [], "summary": {"covered_lines": 0, "num_statements": 3, "percent_covered": 0.0, "percent_covered_display": "0", "missing_lines": 3, "excluded_lines": 0, "percent_statements_covered": 0.0, "percent_statements_covered_display": "0"}, "missing_lines": [60, 62, 67], "excluded_lines": [], "start_line": 57}, "AgentMemory.add": {"executed_lines": [], "summary": {"covered_lines": 0, "num_statements": 3, "percent_covered": 0.0, "percent_covered_display": "0", "missing_lines": 3, "excluded_lines": 0, "percent_statements_covered": 0.0, "percent_statements_covered_display": "0"}, "missing_lines": [77, 82, 83], "excluded_lines": [], "start_line": 69}, "AgentMemory.clear": {"executed_lines": [], "summary": {"covered_lines": 0, "num_statements": 3, "percent_covered": 0.0, "percent_covered_display": "0", "missing_lines": 3, "excluded_lines": 0, "percent_statements_covered": 0.0, "percent_statements_covered_display": "0"}, "missing_lines": [87, 88, 89], "excluded_lines": [], "start_line": 85}, "AgentMemory.get_context": {"executed_lines": [], "summary": {"covered_lines": 0, "num_statements": 3, "percent_covered": 0.0, "percent_covered_display": "0", "missing_lines": 3, "excluded_lines": 0, "percent_statements_covered": 0.0, "percent_statements_covered_display": "0"}, "missing_lines": [100, 101, 102], "excluded_lines": [], "start_line": 91}, "AgentMemory.set_metadata": {"executed_lines": [], "summary": {"covered_lines": 0, "num_statements": 2, "percent_covered": 0.0, "percent_covered_display": "0", "missing_lines": 2, "excluded_lines": 0, "percent_statements_covered": 0.0, "percent_statements_covered_display": "0"}, "missing_lines": [111, 112], "excluded_lines": [], "start_line": 104}, "AgentMemory.get_metadata": {"executed_lines": [], "summary": {"covered_lines": 0, "num_statements": 1, "percent_covered": 0.0, "percent_covered_display": "0", "missing_lines": 1, "excluded_lines": 0, "percent_statements_covered": 0.0, "percent_statements_covered_display": "0"}, "missing_lines": [124], "excluded_lines": [], "start_line": 114}, "AgentMemory.get_stats": {"executed_lines": [], "summary": {"covered_lines": 0, "num_statements": 4, "percent_covered": 0.0, "percent_covered_display": "0", "missing_lines": 4, "excluded_lines": 0, "percent_statements_covered": 0.0, "percent_statements_covered_display": "0"}, "missing_lines": [132, 133, 136, 138], "excluded_lines": [], "start_line": 126}, "": {"executed_lines": [6, 7, 8, 11, 18, 20, 41, 57, 69, 85, 91, 104, 114, 126], "summary": {"covered_lines": 14, "num_statements": 14, "percent_covered": 100.0, "percent_covered_display": "100", "missing_lines": 0, "excluded_lines": 0, "percent_statements_covered": 100.0, "percent_statements_covered_display": "100"}, "missing_lines": [], "excluded_lines": [], "start_line": 1}}, "classes": {"AgentMemory": {"executed_lines": [], "summary": {"covered_lines": 0, "num_statements": 39, "percent_covered": 0.0, "percent_covered_display": "0", "missing_lines": 39, "excluded_lines": 0, "percent_statements_covered": 0.0, "percent_statements_covered_display": "0"}, "missing_lines": [27, 29, 30, 31, 32, 34, 35, 37, 38, 39, 43, 44, 45, 46, 47, 48, 49, 51, 52, 55, 60, 62, 67, 77, 82, 83, 87, 88, 89, 100, 101, 102, 111, 112, 124, 132, 133, 136, 138], "excluded_lines": [], "start_line": 11}, "": {"executed_lines": [6, 7, 8, 11, 18, 20, 41, 57, 69, 85, 91, 104, 114, 126], "summary": {"covered_lines": 14, "num_statements": 14, "percent_covered": 100.0, "percent_covered_display": "100", "missing_lines": 0, "excluded_lines": 0, "percent_statements_covered": 100.0, "percent_statements_covered_display": "100"}, "missing_lines": [], "excluded_lines": [], "start_line": 1}}}, "src/olav/cli/session.py": {"executed_lines": [3, 5, 7, 8, 9, 10, 11, 12, 13, 24, 35, 66, 140, 160, 180], "summary": {"covered_lines": 15, "num_statements": 81, "percent_covered": 18.51851851851852, "percent_covered_display": "19", "missing_lines": 66, "excluded_lines": 0, "percent_statements_covered": 18.51851851851852, "percent_statements_covered_display": "19"}, "missing_lines": [14, 16, 17, 18, 19, 20, 21, 50, 51, 52, 54, 55, 56, 57, 60, 61, 63, 64, 68, 72, 73, 74, 76, 77, 78, 82, 92, 96, 99, 101, 102, 104, 105, 110, 113, 116, 117, 119, 120, 122, 124, 125, 127, 129, 131, 132, 133, 136, 137, 138, 149, 151, 153, 155, 156, 157, 158, 169, 170, 172, 175, 176, 177, 178, 182, 183], "excluded_lines": [], "functions": {"OlavPromptSession.__init__": {"executed_lines": [], "summary": {"covered_lines": 0, "num_statements": 11, "percent_covered": 0.0, "percent_covered_display": "0", "missing_lines": 11, "excluded_lines": 0, "percent_statements_covered": 0.0, "percent_statements_covered_display": "0"}, "missing_lines": [50, 51, 52, 54, 55, 56, 57, 60, 61, 63, 64], "excluded_lines": [], "start_line": 35}, "OlavPromptSession._init_session": {"executed_lines": [], "summary": {"covered_lines": 0, "num_statements": 30, "percent_covered": 0.0, "percent_covered_display": "0", "missing_lines": 30, "excluded_lines": 0, "percent_statements_covered": 0.0, "percent_statements_covered_display": "0"}, "missing_lines": [68, 72, 73, 74, 76, 77, 78, 82, 92, 96, 99, 101, 102, 104, 105, 110, 113, 116, 117, 119, 120, 124, 125, 129, 131, 132, 133, 136, 137, 138], "excluded_lines": [], "start_line": 66}, "OlavPromptSession._init_session._": {"executed_lines": [], "summary": {"covered_lines": 0, "num_statements": 1, "percent_covered": 0.0, "percent_covered_display": "0", "missing_lines": 1, "excluded_lines": 0, "percent_statements_covered": 0.0, "percent_statements_covered_display": "0"}, "missing_lines": [127], "excluded_lines": [], "start_line": 125}, "OlavPromptSession.prompt": {"executed_lines": [], "summary": {"covered_lines": 0, "num_statements": 7, "percent_covered": 0.0, "percent_covered_display": "0", "missing_lines": 7, "excluded_lines": 0, "percent_statements_covered": 0.0, "percent_statements_covered_display": "0"}, "missing_lines": [149, 151, 153, 155, 156, 157, 158], "excluded_lines": [], "start_line": 140}, "OlavPromptSession.prompt_sync": {"executed_lines": [], "summary": {"covered_lines": 0, "num_statements": 7, "percent_covered": 0.0, "percent_covered_display": "0", "missing_lines": 7, "excluded_lines": 0, "percent_statements_covered": 0.0, "percent_statements_covered_display": "0"}, "missing_lines": [169, 170, 172, 175, 176, 177, 178], "excluded_lines": [], "start_line": 160}, "OlavPromptSession.clear_history": {"executed_lines": [], "summary": {"covered_lines": 0, "num_statements": 2, "percent_covered": 0.0, "percent_covered_display": "0", "missing_lines": 2, "excluded_lines": 0, "percent_statements_covered": 0.0, "percent_statements_covered_display": "0"}, "missing_lines": [182, 183], "excluded_lines": [], "start_line": 180}, "": {"executed_lines": [3, 5, 7, 8, 9, 10, 11, 12, 13, 24, 35, 66, 140, 160, 180], "summary": {"covered_lines": 15, "num_statements": 22, "percent_covered": 68.18181818181819, "percent_covered_display": "68", "missing_lines": 7, "excluded_lines": 0, "percent_statements_covered": 68.18181818181819, "percent_statements_covered_display": "68"}, "missing_lines": [14, 16, 17, 18, 19, 20, 21], "excluded_lines": [], "start_line": 1}}, "classes": {"OlavPromptSession": {"executed_lines": [], "summary": {"covered_lines": 0, "num_statements": 59, "percent_covered": 0.0, "percent_covered_display": "0", "missing_lines": 59, "excluded_lines": 0, "percent_statements_covered": 0.0, "percent_statements_covered_display": "0"}, "missing_lines": [50, 51, 52, 54, 55, 56, 57, 60, 61, 63, 64, 68, 72, 73, 74, 76, 77, 78, 82, 92, 96, 99, 101, 102, 104, 105, 110, 113, 116, 117, 119, 120, 122, 124, 125, 127, 129, 131, 132, 133, 136, 137, 138, 149, 151, 153, 155, 156, 157, 158, 169, 170, 172, 175, 176, 177, 178, 182, 183], "excluded_lines": [], "start_line": 24}, "": {"executed_lines": [3, 5, 7, 8, 9, 10, 11, 12, 13, 24, 35, 66, 140, 160, 180], "summary": {"covered_lines": 15, "num_statements": 22, "percent_covered": 68.18181818181819, "percent_covered_display": "68", "missing_lines": 7, "excluded_lines": 0, "percent_statements_covered": 68.18181818181819, "percent_statements_covered_display": "68"}, "missing_lines": [14, 16, 17, 18, 19, 20, 21], "excluded_lines": [], "start_line": 1}}}, "src/olav/core/database.py": {"executed_lines": [7, 8, 10, 13, 22, 28, 29, 31, 33, 34, 37, 40, 42, 45, 48, 63, 67, 71, 77, 80, 95, 99, 105, 108, 121, 123, 126, 129, 131, 133, 169, 213, 248, 280, 287, 317, 347, 367, 371, 375, 383, 386, 397, 398, 400, 403, 422], "summary": {"covered_lines": 47, "num_statements": 142, "percent_covered": 33.098591549295776, "percent_covered_display": "33", "missing_lines": 95, "excluded_lines": 0, "percent_statements_covered": 33.098591549295776, "percent_statements_covered_display": "33"}, "missing_lines": [136, 138, 139, 140, 142, 143, 144, 146, 148, 149, 150, 151, 154, 155, 157, 158, 165, 167, 188, 193, 194, 197, 198, 199, 202, 203, 204, 206, 208, 209, 211, 223, 226, 234, 235, 236, 238, 239, 240, 243, 244, 246, 271, 285, 308, 327, 338, 339, 341, 345, 358, 369, 373, 379, 409, 410, 411, 412, 413, 414, 441, 443, 444, 447, 450, 452, 454, 455, 456, 457, 458, 461, 464, 478, 484, 485, 486, 492, 494, 496, 500, 503, 521, 522, 526, 527, 531, 532, 536, 537, 538, 541, 546, 551, 556], "excluded_lines": [], "functions": {"OlavDatabase.__init__": {"executed_lines": [28, 29, 31, 33, 34, 37, 40], "summary": {"covered_lines": 7, "num_statements": 7, "percent_covered": 100.0, "percent_covered_display": "100", "missing_lines": 0, "excluded_lines": 0, "percent_statements_covered": 100.0, "percent_statements_covered_display": "100"}, "missing_lines": [], "excluded_lines": [], "start_line": 22}, "OlavDatabase._init_schema": {"executed_lines": [45, 48, 63, 67, 71, 77, 80, 95, 99, 105, 108, 121], "summary": {"covered_lines": 12, "num_statements": 12, "percent_covered": 100.0, "percent_covered_display": "100", "missing_lines": 0, "excluded_lines": 0, "percent_statements_covered": 100.0, "percent_statements_covered_display": "100"}, "missing_lines": [], "excluded_lines": [], "start_line": 42}, "OlavDatabase._ensure_command_whitelist_loaded": {"executed_lines": [126, 129, 131, 133], "summary": {"covered_lines": 4, "num_statements": 22, "percent_covered": 18.181818181818183, "percent_covered_display": "18", "missing_lines": 18, "excluded_lines": 0, "percent_statements_covered": 18.181818181818183, "percent_statements_covered_display": "18"}, "missing_lines": [136, 138, 139, 140, 142, 143, 144, 146, 148, 149, 150, 151, 154, 155, 157, 158, 165, 167], "excluded_lines": [], "start_line": 123}, "OlavDatabase.search_capabilities": {"executed_lines": [], "summary": {"covered_lines": 0, "num_statements": 13, "percent_covered": 0.0, "percent_covered_display": "0", "missing_lines": 13, "excluded_lines": 0, "percent_statements_covered": 0.0, "percent_statements_covered_display": "0"}, "missing_lines": [188, 193, 194, 197, 198, 199, 202, 203, 204, 206, 208, 209, 211], "excluded_lines": [], "start_line": 169}, "OlavDatabase.is_command_allowed": {"executed_lines": [], "summary": {"covered_lines": 0, "num_statements": 11, "percent_covered": 0.0, "percent_covered_display": "0", "missing_lines": 11, "excluded_lines": 0, "percent_statements_covered": 0.0, "percent_statements_covered_display": "0"}, "missing_lines": [223, 226, 234, 235, 236, 238, 239, 240, 243, 244, 246], "excluded_lines": [], "start_line": 213}, "OlavDatabase.insert_capability": {"executed_lines": [], "summary": {"covered_lines": 0, "num_statements": 1, "percent_covered": 0.0, "percent_covered_display": "0", "missing_lines": 1, "excluded_lines": 0, "percent_statements_covered": 0.0, "percent_statements_covered_display": "0"}, "missing_lines": [271], "excluded_lines": [], "start_line": 248}, "OlavDatabase.clear_capabilities": {"executed_lines": [], "summary": {"covered_lines": 0, "num_statements": 1, "percent_covered": 0.0, "percent_covered_display": "0", "missing_lines": 1, "excluded_lines": 0, "percent_statements_covered": 0.0, "percent_statements_covered_display": "0"}, "missing_lines": [285], "excluded_lines": [], "start_line": 280}, "OlavDatabase.log_execution": {"executed_lines": [], "summary": {"covered_lines": 0, "num_statements": 1, "percent_covered": 0.0, "percent_covered_display": "0", "missing_lines": 1, "excluded_lines": 0, "percent_statements_covered": 0.0, "percent_statements_covered_display": "0"}, "missing_lines": [308], "excluded_lines": [], "start_line": 287}, "OlavDatabase.get_command_cache": {"executed_lines": [], "summary": {"covered_lines": 0, "num_statements": 5, "percent_covered": 0.0, "percent_covered_display": "0", "missing_lines": 5, "excluded_lines": 0, "percent_statements_covered": 0.0, "percent_statements_covered_display": "0"}, "missing_lines": [327, 338, 339, 341, 345], "excluded_lines": [], "start_line": 317}, "OlavDatabase.set_command_cache": {"executed_lines": [], "summary": {"covered_lines": 0, "num_statements": 1, "percent_covered": 0.0, "percent_covered_display": "0", "missing_lines": 1, "excluded_lines": 0, "percent_statements_covered": 0.0, "percent_statements_covered_display": "0"}, "missing_lines": [358], "excluded_lines": [], "start_line": 347}, "OlavDatabase.close": {"executed_lines": [], "summary": {"covered_lines": 0, "num_statements": 1, "percent_covered": 0.0, "percent_covered_display": "0", "missing_lines": 1, "excluded_lines": 0, "percent_statements_covered": 0.0, "percent_statements_covered_display": "0"}, "missing_lines": [369], "excluded_lines": [], "start_line": 367}, "OlavDatabase.__enter__": {"executed_lines": [], "summary": {"covered_lines": 0, "num_statements": 1, "percent_covered": 0.0, "percent_covered_display": "0", "missing_lines": 1, "excluded_lines": 0, "percent_statements_covered": 0.0, "percent_statements_covered_display": "0"}, "missing_lines": [373], "excluded_lines": [], "start_line": 371}, "OlavDatabase.__exit__": {"executed_lines": [], "summary": {"covered_lines": 0, "num_statements": 1, "percent_covered": 0.0, "percent_covered_display": "0", "missing_lines": 1, "excluded_lines": 0, "percent_statements_covered": 0.0, "percent_statements_covered_display": "0"}, "missing_lines": [379], "excluded_lines": [], "start_line": 375}, "get_database": {"executed_lines": [397, 398, 400], "summary": {"covered_lines": 3, "num_statements": 3, "percent_covered": 100.0, "percent_covered_display": "100", "missing_lines": 0, "excluded_lines": 0, "percent_statements_covered": 100.0, "percent_statements_covered_display": "100"}, "missing_lines": [], "excluded_lines": [], "start_line": 386}, "reset_database": {"executed_lines": [], "summary": {"covered_lines": 0, "num_statements": 6, "percent_covered": 0.0, "percent_covered_display": "0", "missing_lines": 6, "excluded_lines": 0, "percent_statements_covered": 0.0, "percent_statements_covered_display": "0"}, "missing_lines": [409, 410, 411, 412, 413, 414], "excluded_lines": [], "start_line": 403}, "init_knowledge_db": {"executed_lines": [], "summary": {"covered_lines": 0, "num_statements": 35, "percent_covered": 0.0, "percent_covered_display": "0", "missing_lines": 35, "excluded_lines": 0, "percent_statements_covered": 0.0, "percent_statements_covered_display": "0"}, "missing_lines": [441, 443, 444, 447, 450, 452, 454, 455, 456, 457, 458, 461, 464, 478, 484, 485, 486, 492, 494, 496, 500, 503, 521, 522, 526, 527, 531, 532, 536, 537, 538, 541, 546, 551, 556], "excluded_lines": [], "start_line": 422}, "": {"executed_lines": [7, 8, 10, 13, 22, 42, 123, 169, 213, 248, 280, 287, 317, 347, 367, 371, 375, 383, 386, 403, 422], "summary": {"covered_lines": 21, "num_statements": 21, "percent_covered": 100.0, "percent_covered_display": "100", "missing_lines": 0, "excluded_lines": 0, "percent_statements_covered": 100.0, "percent_statements_covered_display": "100"}, "missing_lines": [], "excluded_lines": [], "start_line": 1}}, "classes": {"OlavDatabase": {"executed_lines": [28, 29, 31, 33, 34, 37, 40, 45, 48, 63, 67, 71, 77, 80, 95, 99, 105, 108, 121, 126, 129, 131, 133], "summary": {"covered_lines": 23, "num_statements": 77, "percent_covered": 29.87012987012987, "percent_covered_display": "30", "missing_lines": 54, "excluded_lines": 0, "percent_statements_covered": 29.87012987012987, "percent_statements_covered_display": "30"}, "missing_lines": [136, 138, 139, 140, 142, 143, 144, 146, 148, 149, 150, 151, 154, 155, 157, 158, 165, 167, 188, 193, 194, 197, 198, 199, 202, 203, 204, 206, 208, 209, 211, 223, 226, 234, 235, 236, 238, 239, 240, 243, 244, 246, 271, 285, 308, 327, 338, 339, 341, 345, 358, 369, 373, 379], "excluded_lines": [], "start_line": 13}, "": {"executed_lines": [7, 8, 10, 13, 22, 42, 123, 169, 213, 248, 280, 287, 317, 347, 367, 371, 375, 383, 386, 397, 398, 400, 403, 422], "summary": {"covered_lines": 24, "num_statements": 65, "percent_covered": 36.92307692307692, "percent_covered_display": "37", "missing_lines": 41, "excluded_lines": 0, "percent_statements_covered": 36.92307692307692, "percent_statements_covered_display": "37"}, "missing_lines": [409, 410, 411, 412, 413, 414, 441, 443, 444, 447, 450, 452, 454, 455, 456, 457, 458, 461, 464, 478, 484, 485, 486, 492, 494, 496, 500, 503, 521, 522, 526, 527, 531, 532, 536, 537, 538, 541, 546, 551, 556], "excluded_lines": [], "start_line": 1}}}, "src/olav/core/learning.py": {"executed_lines": [9, 10, 11, 13, 16, 58, 62, 63, 66, 67, 68, 71, 74, 86, 87, 89, 100, 101, 103, 112, 114, 117, 148, 152, 154, 155, 158, 159, 160, 162, 163, 164, 165, 166, 167, 170, 173, 174, 175, 176, 180, 183, 184, 186, 193, 216, 217, 218, 220, 221, 224, 227, 228, 231, 232, 233, 235, 237, 240, 246, 300, 321, 323, 324, 326, 328, 329, 331], "summary": {"covered_lines": 68, "num_statements": 75, "percent_covered": 90.66666666666667, "percent_covered_display": "91", "missing_lines": 7, "excluded_lines": 0, "percent_statements_covered": 90.66666666666667, "percent_statements_covered_display": "91"}, "missing_lines": [59, 60, 149, 150, 188, 189, 190], "excluded_lines": [], "functions": {"save_solution": {"executed_lines": [58, 62, 63, 66, 67, 68, 71, 74, 86, 87, 89, 100, 101, 103, 112, 114], "summary": {"covered_lines": 16, "num_statements": 18, "percent_covered": 88.88888888888889, "percent_covered_display": "89", "missing_lines": 2, "excluded_lines": 0, "percent_statements_covered": 88.88888888888889, "percent_statements_covered_display": "89"}, "missing_lines": [59, 60], "excluded_lines": [], "start_line": 16}, "update_aliases": {"executed_lines": [148, 152, 154, 155, 158, 159, 160, 162, 163, 164, 165, 166, 167, 170, 173, 174, 175, 176, 180, 183, 184, 186], "summary": {"covered_lines": 22, "num_statements": 27, "percent_covered": 81.48148148148148, "percent_covered_display": "81", "missing_lines": 5, "excluded_lines": 0, "percent_statements_covered": 81.48148148148148, "percent_statements_covered_display": "81"}, "missing_lines": [149, 150, 188, 189, 190], "excluded_lines": [], "start_line": 117}, "learn_from_interaction": {"executed_lines": [216, 217, 218, 220, 221, 224, 227, 228, 231, 232, 233, 235, 237], "summary": {"covered_lines": 13, "num_statements": 13, "percent_covered": 100.0, "percent_covered_display": "100", "missing_lines": 0, "excluded_lines": 0, "percent_statements_covered": 100.0, "percent_statements_covered_display": "100"}, "missing_lines": [], "excluded_lines": [], "start_line": 193}, "get_learning_guidance": {"executed_lines": [246], "summary": {"covered_lines": 1, "num_statements": 1, "percent_covered": 100.0, "percent_covered_display": "100", "missing_lines": 0, "excluded_lines": 0, "percent_statements_covered": 100.0, "percent_statements_covered_display": "100"}, "missing_lines": [], "excluded_lines": [], "start_line": 240}, "suggest_solution_filename": {"executed_lines": [321, 323, 324, 326, 328, 329, 331], "summary": {"covered_lines": 7, "num_statements": 7, "percent_covered": 100.0, "percent_covered_display": "100", "missing_lines": 0, "excluded_lines": 0, "percent_statements_covered": 100.0, "percent_statements_covered_display": "100"}, "missing_lines": [], "excluded_lines": [], "start_line": 300}, "": {"executed_lines": [9, 10, 11, 13, 16, 117, 193, 240, 300], "summary": {"covered_lines": 9, "num_statements": 9, "percent_covered": 100.0, "percent_covered_display": "100", "missing_lines": 0, "excluded_lines": 0, "percent_statements_covered": 100.0, "percent_statements_covered_display": "100"}, "missing_lines": [], "excluded_lines": [], "start_line": 1}}, "classes": {"": {"executed_lines": [9, 10, 11, 13, 16, 58, 62, 63, 66, 67, 68, 71, 74, 86, 87, 89, 100, 101, 103, 112, 114, 117, 148, 152, 154, 155, 158, 159, 160, 162, 163, 164, 165, 166, 167, 170, 173, 174, 175, 176, 180, 183, 184, 186, 193, 216, 217, 218, 220, 221, 224, 227, 228, 231, 232, 233, 235, 237, 240, 246, 300, 321, 323, 324, 326, 328, 329, 331], "summary": {"covered_lines": 68, "num_statements": 75, "percent_covered": 90.66666666666667, "percent_covered_display": "91", "missing_lines": 7, "excluded_lines": 0, "percent_statements_covered": 90.66666666666667, "percent_statements_covered_display": "91"}, "missing_lines": [59, 60, 149, 150, 188, 189, 190], "excluded_lines": [], "start_line": 1}}}, "src/olav/core/llm.py": {"executed_lines": [7, 8, 10, 11, 12, 14, 16, 19, 22, 23, 38, 39, 40, 43, 48, 49, 50, 51, 52, 55, 56, 57, 58, 59, 60, 61, 62, 63, 64, 66, 68, 69, 75, 76, 77, 79, 80, 81, 82, 87, 88, 89, 90, 91, 92, 94, 95, 97, 98], "summary": {"covered_lines": 49, "num_statements": 49, "percent_covered": 100.0, "percent_covered_display": "100", "missing_lines": 0, "excluded_lines": 0, "percent_statements_covered": 100.0, "percent_statements_covered_display": "100"}, "missing_lines": [], "excluded_lines": [], "functions": {"LLMFactory.get_chat_model": {"executed_lines": [38, 39, 40, 43, 48, 49, 50, 51, 52, 55, 56, 57, 58, 59, 60, 61, 62, 63, 64, 66], "summary": {"covered_lines": 20, "num_statements": 20, "percent_covered": 100.0, "percent_covered_display": "100", "missing_lines": 0, "excluded_lines": 0, "percent_statements_covered": 100.0, "percent_statements_covered_display": "100"}, "missing_lines": [], "excluded_lines": [], "start_line": 23}, "LLMFactory.get_embedding_model": {"executed_lines": [75, 76, 77, 79, 80, 81, 82, 87, 88, 89, 90, 91, 92, 94, 95, 97, 98], "summary": {"covered_lines": 17, "num_statements": 17, "percent_covered": 100.0, "percent_covered_display": "100", "missing_lines": 0, "excluded_lines": 0, "percent_statements_covered": 100.0, "percent_statements_covered_display": "100"}, "missing_lines": [], "excluded_lines": [], "start_line": 69}, "": {"executed_lines": [7, 8, 10, 11, 12, 14, 16, 19, 22, 23, 68, 69], "summary": {"covered_lines": 12, "num_statements": 12, "percent_covered": 100.0, "percent_covered_display": "100", "missing_lines": 0, "excluded_lines": 0, "percent_statements_covered": 100.0, "percent_statements_covered_display": "100"}, "missing_lines": [], "excluded_lines": [], "start_line": 1}}, "classes": {"LLMFactory": {"executed_lines": [38, 39, 40, 43, 48, 49, 50, 51, 52, 55, 56, 57, 58, 59, 60, 61, 62, 63, 64, 66, 75, 76, 77, 79, 80, 81, 82, 87, 88, 89, 90, 91, 92, 94, 95, 97, 98], "summary": {"covered_lines": 37, "num_statements": 37, "percent_covered": 100.0, "percent_covered_display": "100", "missing_lines": 0, "excluded_lines": 0, "percent_statements_covered": 100.0, "percent_statements_covered_display": "100"}, "missing_lines": [], "excluded_lines": [], "start_line": 19}, "": {"executed_lines": [7, 8, 10, 11, 12, 14, 16, 19, 22, 23, 68, 69], "summary": {"covered_lines": 12, "num_statements": 12, "percent_covered": 100.0, "percent_covered_display": "100", "missing_lines": 0, "excluded_lines": 0, "percent_statements_covered": 100.0, "percent_statements_covered_display": "100"}, "missing_lines": [], "excluded_lines": [], "start_line": 1}}}, "src/olav/core/skill_loader.py": {"executed_lines": [3, 4, 5, 7, 10, 11, 19, 20, 21, 22, 23, 24, 25, 26, 29, 32, 33, 34, 35, 37, 44, 45, 48, 49, 50, 51, 52, 53, 54, 57, 59, 61, 64, 65, 67, 68, 70, 72, 79, 80, 83, 84, 88, 89, 94, 95, 98, 99, 102, 104, 117, 119, 123, 124, 127, 128, 129, 133, 135, 138, 139, 141, 144, 145, 146, 150, 152, 159, 178, 180, 181, 182, 183, 184], "summary": {"covered_lines": 74, "num_statements": 94, "percent_covered": 78.72340425531915, "percent_covered_display": "79", "missing_lines": 20, "excluded_lines": 0, "percent_statements_covered": 78.72340425531915, "percent_statements_covered_display": "79"}, "missing_lines": [60, 62, 85, 91, 113, 114, 115, 120, 125, 130, 131, 136, 147, 148, 154, 155, 157, 161, 162, 164], "excluded_lines": [], "functions": {"SkillLoader.__init__": {"executed_lines": [33, 34, 35], "summary": {"covered_lines": 3, "num_statements": 3, "percent_covered": 100.0, "percent_covered_display": "100", "missing_lines": 0, "excluded_lines": 0, "percent_statements_covered": 100.0, "percent_statements_covered_display": "100"}, "missing_lines": [], "excluded_lines": [], "start_line": 32}, "SkillLoader.load_all": {"executed_lines": [44, 45, 48, 49, 50, 51, 52, 53, 54, 57, 59, 61, 64, 65, 67, 68, 70], "summary": {"covered_lines": 17, "num_statements": 19, "percent_covered": 89.47368421052632, "percent_covered_display": "89", "missing_lines": 2, "excluded_lines": 0, "percent_statements_covered": 89.47368421052632, "percent_statements_covered_display": "89"}, "missing_lines": [60, 62], "excluded_lines": [], "start_line": 37}, "SkillLoader._parse_skill_header": {"executed_lines": [79, 80, 83, 84, 88, 89, 94, 95, 98, 99, 102, 104], "summary": {"covered_lines": 12, "num_statements": 17, "percent_covered": 70.58823529411765, "percent_covered_display": "71", "missing_lines": 5, "excluded_lines": 0, "percent_statements_covered": 70.58823529411765, "percent_statements_covered_display": "71"}, "missing_lines": [85, 91, 113, 114, 115], "excluded_lines": [], "start_line": 72}, "SkillLoader._extract_frontmatter": {"executed_lines": [119, 123, 124, 127, 128, 129], "summary": {"covered_lines": 6, "num_statements": 10, "percent_covered": 60.0, "percent_covered_display": "60", "missing_lines": 4, "excluded_lines": 0, "percent_statements_covered": 60.0, "percent_statements_covered_display": "60"}, "missing_lines": [120, 125, 130, 131], "excluded_lines": [], "start_line": 117}, "SkillLoader.get_skill": {"executed_lines": [135, 138, 139, 141, 144, 145, 146, 150], "summary": {"covered_lines": 8, "num_statements": 11, "percent_covered": 72.72727272727273, "percent_covered_display": "73", "missing_lines": 3, "excluded_lines": 0, "percent_statements_covered": 72.72727272727273, "percent_statements_covered_display": "73"}, "missing_lines": [136, 147, 148], "excluded_lines": [], "start_line": 133}, "SkillLoader.get_skills_by_intent": {"executed_lines": [], "summary": {"covered_lines": 0, "num_statements": 3, "percent_covered": 0.0, "percent_covered_display": "0", "missing_lines": 3, "excluded_lines": 0, "percent_statements_covered": 0.0, "percent_statements_covered_display": "0"}, "missing_lines": [154, 155, 157], "excluded_lines": [], "start_line": 152}, "SkillLoader.get_index_summary": {"executed_lines": [], "summary": {"covered_lines": 0, "num_statements": 3, "percent_covered": 0.0, "percent_covered_display": "0", "missing_lines": 3, "excluded_lines": 0, "percent_statements_covered": 0.0, "percent_statements_covered_display": "0"}, "missing_lines": [161, 162, 164], "excluded_lines": [], "start_line": 159}, "get_skill_loader": {"executed_lines": [180, 181, 182, 183, 184], "summary": {"covered_lines": 5, "num_statements": 5, "percent_covered": 100.0, "percent_covered_display": "100", "missing_lines": 0, "excluded_lines": 0, "percent_statements_covered": 100.0, "percent_statements_covered_display": "100"}, "missing_lines": [], "excluded_lines": [], "start_line": 178}, "": {"executed_lines": [3, 4, 5, 7, 10, 11, 19, 20, 21, 22, 23, 24, 25, 26, 29, 32, 37, 72, 117, 133, 152, 159, 178], "summary": {"covered_lines": 23, "num_statements": 23, "percent_covered": 100.0, "percent_covered_display": "100", "missing_lines": 0, "excluded_lines": 0, "percent_statements_covered": 100.0, "percent_statements_covered_display": "100"}, "missing_lines": [], "excluded_lines": [], "start_line": 1}}, "classes": {"Skill": {"executed_lines": [], "summary": {"covered_lines": 0, "num_statements": 0, "percent_covered": 100.0, "percent_covered_display": "100", "missing_lines": 0, "excluded_lines": 0, "percent_statements_covered": 100.0, "percent_statements_covered_display": "100"}, "missing_lines": [], "excluded_lines": [], "start_line": 11}, "SkillLoader": {"executed_lines": [33, 34, 35, 44, 45, 48, 49, 50, 51, 52, 53, 54, 57, 59, 61, 64, 65, 67, 68, 70, 79, 80, 83, 84, 88, 89, 94, 95, 98, 99, 102, 104, 119, 123, 124, 127, 128, 129, 135, 138, 139, 141, 144, 145, 146, 150], "summary": {"covered_lines": 46, "num_statements": 66, "percent_covered": 69.6969696969697, "percent_covered_display": "70", "missing_lines": 20, "excluded_lines": 0, "percent_statements_covered": 69.6969696969697, "percent_statements_covered_display": "70"}, "missing_lines": [60, 62, 85, 91, 113, 114, 115, 120, 125, 130, 131, 136, 147, 148, 154, 155, 157, 161, 162, 164], "excluded_lines": [], "start_line": 29}, "": {"executed_lines": [3, 4, 5, 7, 10, 11, 19, 20, 21, 22, 23, 24, 25, 26, 29, 32, 37, 72, 117, 133, 152, 159, 178, 180, 181, 182, 183, 184], "summary": {"covered_lines": 28, "num_statements": 28, "percent_covered": 100.0, "percent_covered_display": "100", "missing_lines": 0, "excluded_lines": 0, "percent_statements_covered": 100.0, "percent_statements_covered_display": "100"}, "missing_lines": [], "excluded_lines": [], "start_line": 1}}}, "src/olav/core/skill_router.py": {"executed_lines": [6, 7, 8, 10, 12, 14, 17, 20, 21, 22, 24, 37, 38, 49, 51, 52, 60, 62, 63, 72, 73, 80, 91, 93, 129, 130, 131, 132, 148, 150, 151, 152, 156, 158, 161], "summary": {"covered_lines": 35, "num_statements": 41, "percent_covered": 85.36585365853658, "percent_covered_display": "85", "missing_lines": 6, "excluded_lines": 0, "percent_statements_covered": 85.36585365853658, "percent_statements_covered_display": "85"}, "missing_lines": [39, 40, 138, 139, 141, 163], "excluded_lines": [], "functions": {"SkillRouter.__init__": {"executed_lines": [21, 22], "summary": {"covered_lines": 2, "num_statements": 2, "percent_covered": 100.0, "percent_covered_display": "100", "missing_lines": 0, "excluded_lines": 0, "percent_statements_covered": 100.0, "percent_statements_covered_display": "100"}, "missing_lines": [], "excluded_lines": [], "start_line": 20}, "SkillRouter.route": {"executed_lines": [37, 38, 49, 51, 52, 60, 62, 63, 72, 73], "summary": {"covered_lines": 10, "num_statements": 12, "percent_covered": 83.33333333333333, "percent_covered_display": "83", "missing_lines": 2, "excluded_lines": 0, "percent_statements_covered": 83.33333333333333, "percent_statements_covered_display": "83"}, "missing_lines": [39, 40], "excluded_lines": [], "start_line": 24}, "SkillRouter._unified_route": {"executed_lines": [91, 93, 129, 130, 131, 132], "summary": {"covered_lines": 6, "num_statements": 9, "percent_covered": 66.66666666666667, "percent_covered_display": "67", "missing_lines": 3, "excluded_lines": 0, "percent_statements_covered": 66.66666666666667, "percent_statements_covered_display": "67"}, "missing_lines": [138, 139, 141], "excluded_lines": [], "start_line": 80}, "SkillRouter._format_skill_descriptions": {"executed_lines": [150, 151, 152, 156, 158], "summary": {"covered_lines": 5, "num_statements": 5, "percent_covered": 100.0, "percent_covered_display": "100", "missing_lines": 0, "excluded_lines": 0, "percent_statements_covered": 100.0, "percent_statements_covered_display": "100"}, "missing_lines": [], "excluded_lines": [], "start_line": 148}, "create_skill_router": {"executed_lines": [], "summary": {"covered_lines": 0, "num_statements": 1, "percent_covered": 0.0, "percent_covered_display": "0", "missing_lines": 1, "excluded_lines": 0, "percent_statements_covered": 0.0, "percent_statements_covered_display": "0"}, "missing_lines": [163], "excluded_lines": [], "start_line": 161}, "": {"executed_lines": [6, 7, 8, 10, 12, 14, 17, 20, 24, 80, 148, 161], "summary": {"covered_lines": 12, "num_statements": 12, "percent_covered": 100.0, "percent_covered_display": "100", "missing_lines": 0, "excluded_lines": 0, "percent_statements_covered": 100.0, "percent_statements_covered_display": "100"}, "missing_lines": [], "excluded_lines": [], "start_line": 1}}, "classes": {"SkillRouter": {"executed_lines": [21, 22, 37, 38, 49, 51, 52, 60, 62, 63, 72, 73, 91, 93, 129, 130, 131, 132, 150, 151, 152, 156, 158], "summary": {"covered_lines": 23, "num_statements": 28, "percent_covered": 82.14285714285714, "percent_covered_display": "82", "missing_lines": 5, "excluded_lines": 0, "percent_statements_covered": 82.14285714285714, "percent_statements_covered_display": "82"}, "missing_lines": [39, 40, 138, 139, 141], "excluded_lines": [], "start_line": 17}, "": {"executed_lines": [6, 7, 8, 10, 12, 14, 17, 20, 24, 80, 148, 161], "summary": {"covered_lines": 12, "num_statements": 13, "percent_covered": 92.3076923076923, "percent_covered_display": "92", "missing_lines": 1, "excluded_lines": 0, "percent_statements_covered": 92.3076923076923, "percent_statements_covered_display": "92"}, "missing_lines": [163], "excluded_lines": [], "start_line": 1}}}, "src/olav/core/storage.py": {"executed_lines": [15, 17, 18, 19, 21, 36, 54, 55, 57, 58, 60, 61, 64, 71, 77, 82, 89, 93, 102, 105, 111, 141, 151, 152, 154, 155, 158, 159, 160, 162, 165, 172, 173, 174, 177, 181, 182, 183, 186, 189], "summary": {"covered_lines": 40, "num_statements": 49, "percent_covered": 81.63265306122449, "percent_covered_display": "82", "missing_lines": 9, "excluded_lines": 0, "percent_statements_covered": 81.63265306122449, "percent_statements_covered_display": "82"}, "missing_lines": [22, 23, 25, 26, 27, 30, 31, 32, 33], "excluded_lines": [], "functions": {"get_storage_backend": {"executed_lines": [54, 55, 57, 58, 60, 61, 64, 71, 77, 82, 89, 93, 102], "summary": {"covered_lines": 13, "num_statements": 13, "percent_covered": 100.0, "percent_covered_display": "100", "missing_lines": 0, "excluded_lines": 0, "percent_statements_covered": 100.0, "percent_statements_covered_display": "100"}, "missing_lines": [], "excluded_lines": [], "start_line": 36}, "get_storage_permissions": {"executed_lines": [111], "summary": {"covered_lines": 1, "num_statements": 1, "percent_covered": 100.0, "percent_covered_display": "100", "missing_lines": 0, "excluded_lines": 0, "percent_statements_covered": 100.0, "percent_statements_covered_display": "100"}, "missing_lines": [], "excluded_lines": [], "start_line": 105}, "check_write_permission": {"executed_lines": [151, 152, 154, 155, 158, 159, 160, 162, 165, 172, 173, 174, 177, 181, 182, 183, 186], "summary": {"covered_lines": 17, "num_statements": 17, "percent_covered": 100.0, "percent_covered_display": "100", "missing_lines": 0, "excluded_lines": 0, "percent_statements_covered": 100.0, "percent_statements_covered_display": "100"}, "missing_lines": [], "excluded_lines": [], "start_line": 141}, "": {"executed_lines": [15, 17, 18, 19, 21, 36, 105, 141, 189], "summary": {"covered_lines": 9, "num_statements": 18, "percent_covered": 50.0, "percent_covered_display": "50", "missing_lines": 9, "excluded_lines": 0, "percent_statements_covered": 50.0, "percent_statements_covered_display": "50"}, "missing_lines": [22, 23, 25, 26, 27, 30, 31, 32, 33], "excluded_lines": [], "start_line": 1}}, "classes": {"": {"executed_lines": [15, 17, 18, 19, 21, 36, 54, 55, 57, 58, 60, 61, 64, 71, 77, 82, 89, 93, 102, 105, 111, 141, 151, 152, 154, 155, 158, 159, 160, 162, 165, 172, 173, 174, 177, 181, 182, 183, 186, 189], "summary": {"covered_lines": 40, "num_statements": 49, "percent_covered": 81.63265306122449, "percent_covered_display": "82", "missing_lines": 9, "excluded_lines": 0, "percent_statements_covered": 81.63265306122449, "percent_statements_covered_display": "82"}, "missing_lines": [22, 23, 25, 26, 27, 30, 31, 32, 33], "excluded_lines": [], "start_line": 1}}}, "src/olav/core/subagent_configs.py": {"execute
[...]
lines": [128], "excluded_lines": [], "start_line": 46}, "search_with_reranking": {"executed_lines": [163, 166, 173, 174, 178], "summary": {"covered_lines": 5, "num_statements": 5, "percent_covered": 100.0, "percent_covered_display": "100", "missing_lines": 0, "excluded_lines": 0, "percent_statements_covered": 100.0, "percent_statements_covered_display": "100"}, "missing_lines": [], "excluded_lines": [], "start_line": 136}, "": {"executed_lines": [9, 12, 46, 135, 136], "summary": {"covered_lines": 5, "num_statements": 5, "percent_covered": 100.0, "percent_covered_display": "100", "missing_lines": 0, "excluded_lines": 5, "percent_statements_covered": 100.0, "percent_statements_covered_display": "100"}, "missing_lines": [], "excluded_lines": [181, 183, 189, 190, 191], "start_line": 1}}, "classes": {"": {"executed_lines": [9, 12, 23, 25, 27, 28, 46, 77, 79, 81, 82, 83, 85, 88, 89, 90, 92, 94, 104, 110, 111, 113, 114, 115, 116, 118, 121, 123, 125, 126, 127, 130, 131, 132, 135, 136, 163, 166, 173, 174, 178], "summary": {"covered_lines": 41, "num_statements": 52, "percent_covered": 78.84615384615384, "percent_covered_display": "79", "missing_lines": 11, "excluded_lines": 5, "percent_statements_covered": 78.84615384615384, "percent_statements_covered_display": "79"}, "missing_lines": [30, 31, 32, 34, 35, 36, 38, 40, 41, 43, 128], "excluded_lines": [181, 183, 189, 190, 191], "start_line": 1}}}, "src/olav/tools/research_tool.py": {"executed_lines": [4, 5, 7, 10, 13, 17, 21, 27, 42, 43, 48, 50, 67, 70, 75, 76, 83, 85, 86, 88, 94, 102, 104, 107, 108, 111, 112, 115, 121, 123, 133, 134, 136, 139, 142, 145, 149, 157, 158, 167, 174, 188, 192, 196], "summary": {"covered_lines": 44, "num_statements": 56, "percent_covered": 78.57142857142857, "percent_covered_display": "79", "missing_lines": 12, "excluded_lines": 0, "percent_statements_covered": 78.57142857142857, "percent_statements_covered_display": "79"}, "missing_lines": [105, 119, 140, 150, 152, 153, 155, 159, 161, 163, 164, 165], "excluded_lines": [], "functions": {"ResearchProblemTool._run": {"executed_lines": [67, 70, 75, 76, 83, 85, 86, 88], "summary": {"covered_lines": 8, "num_statements": 8, "percent_covered": 100.0, "percent_covered_display": "100", "missing_lines": 0, "excluded_lines": 0, "percent_statements_covered": 100.0, "percent_statements_covered_display": "100"}, "missing_lines": [], "excluded_lines": [], "start_line": 50}, "ResearchProblemTool._should_use_web_search": {"executed_lines": [102, 104, 107, 108, 111, 112, 115, 121], "summary": {"covered_lines": 8, "num_statements": 10, "percent_covered": 80.0, "percent_covered_display": "80", "missing_lines": 2, "excluded_lines": 0, "percent_statements_covered": 80.0, "percent_statements_covered_display": "80"}, "missing_lines": [105, 119], "excluded_lines": [], "start_line": 94}, "ResearchProblemTool._web_search": {"executed_lines": [133, 134, 136, 139, 142, 145, 149, 157, 158], "summary": {"covered_lines": 9, "num_statements": 19, "percent_covered": 47.36842105263158, "percent_covered_display": "47", "missing_lines": 10, "excluded_lines": 0, "percent_statements_covered": 47.36842105263158, "percent_statements_covered_display": "47"}, "missing_lines": [140, 150, 152, 153, 155, 159, 161, 163, 164, 165], "excluded_lines": [], "start_line": 123}, "ResearchProblemTool._merge_results": {"executed_lines": [174], "summary": {"covered_lines": 1, "num_statements": 1, "percent_covered": 100.0, "percent_covered_display": "100", "missing_lines": 0, "excluded_lines": 0, "percent_statements_covered": 100.0, "percent_statements_covered_display": "100"}, "missing_lines": [], "excluded_lines": [], "start_line": 167}, "ResearchProblemTool._arun": {"executed_lines": [192], "summary": {"covered_lines": 1, "num_statements": 1, "percent_covered": 100.0, "percent_covered_display": "100", "missing_lines": 0, "excluded_lines": 0, "percent_statements_covered": 100.0, "percent_statements_covered_display": "100"}, "missing_lines": [], "excluded_lines": [], "start_line": 188}, "": {"executed_lines": [4, 5, 7, 10, 13, 17, 21, 27, 42, 43, 48, 50, 94, 123, 167, 188, 196], "summary": {"covered_lines": 17, "num_statements": 17, "percent_covered": 100.0, "percent_covered_display": "100", "missing_lines": 0, "excluded_lines": 0, "percent_statements_covered": 100.0, "percent_statements_covered_display": "100"}, "missing_lines": [], "excluded_lines": [], "start_line": 1}}, "classes": {"ResearchProblemInput": {"executed_lines": [], "summary": {"covered_lines": 0, "num_statements": 0, "percent_covered": 100.0, "percent_covered_display": "100", "missing_lines": 0, "excluded_lines": 0, "percent_statements_covered": 100.0, "percent_statements_covered_display": "100"}, "missing_lines": [], "excluded_lines": [], "start_line": 10}, "ResearchProblemTool": {"executed_lines": [67, 70, 75, 76, 83, 85, 86, 88, 102, 104, 107, 108, 111, 112, 115, 121, 133, 134, 136, 139, 142, 145, 149, 157, 158, 174, 192], "summary": {"covered_lines": 27, "num_statements": 39, "percent_covered": 69.23076923076923, "percent_covered_display": "69", "missing_lines": 12, "excluded_lines": 0, "percent_statements_covered": 69.23076923076923, "percent_statements_covered_display": "69"}, "missing_lines": [105, 119, 140, 150, 152, 153, 155, 159, 161, 163, 164, 165], "excluded_lines": [], "start_line": 27}, "": {"executed_lines": [4, 5, 7, 10, 13, 17, 21, 27, 42, 43, 48, 50, 94, 123, 167, 188, 196], "summary": {"covered_lines": 17, "num_statements": 17, "percent_covered": 100.0, "percent_covered_display": "100", "missing_lines": 0, "excluded_lines": 0, "percent_statements_covered": 100.0, "percent_statements_covered_display": "100"}, "missing_lines": [], "excluded_lines": [], "start_line": 1}}}, "src/olav/tools/smart_query.py": {"executed_lines": [11, 13, 15, 16, 23, 24, 34, 35, 41, 44, 59, 61, 62, 65, 66, 67, 70, 71, 72, 75, 76, 80, 87, 90, 99, 100, 102, 104, 106, 107, 108, 110, 118, 119, 121, 122, 130, 131, 181, 187, 188, 192, 193, 194, 199, 200, 203, 204, 206, 207, 209, 210, 211, 213, 220, 222, 223, 226, 227, 234, 241, 250, 253, 255, 258, 259, 260, 261, 263, 264, 268, 269, 277, 291, 293, 294, 297, 298, 299, 300, 301, 303, 305, 310, 311, 313, 314, 315, 317, 319, 320, 321, 323, 326, 327, 334, 335, 336, 337, 338, 341, 343, 345, 348, 355, 356, 357, 358, 364, 371, 372, 373, 374, 376, 377, 378, 379, 381, 382, 383, 385, 390, 391, 393, 394, 395, 396, 397, 398, 400, 408, 410, 413, 416, 419, 421], "summary": {"covered_lines": 136, "num_statements": 154, "percent_covered": 88.31168831168831, "percent_covered_display": "88", "missing_lines": 18, "excluded_lines": 0, "percent_statements_covered": 88.31168831168831, "percent_statements_covered_display": "88"}, "missing_lines": [77, 271, 272, 276, 279, 280, 281, 282, 283, 284, 285, 286, 287, 288, 306, 316, 328, 387], "excluded_lines": [], "functions": {"get_cached_commands": {"executed_lines": [34, 35, 41], "summary": {"covered_lines": 3, "num_statements": 3, "percent_covered": 100.0, "percent_covered_display": "100", "missing_lines": 0, "excluded_lines": 0, "percent_statements_covered": 100.0, "percent_statements_covered_display": "100"}, "missing_lines": [], "excluded_lines": [], "start_line": 24}, "get_best_command": {"executed_lines": [59, 61, 62, 65, 66, 67, 70, 71, 72, 75, 76, 80], "summary": {"covered_lines": 12, "num_statements": 13, "percent_covered": 92.3076923076923, "percent_covered_display": "92", "missing_lines": 1, "excluded_lines": 0, "percent_statements_covered": 92.3076923076923, "percent_statements_covered_display": "92"}, "missing_lines": [77], "excluded_lines": [], "start_line": 44}, "get_device_info": {"executed_lines": [99, 100, 102, 104, 106, 107, 108, 110, 118, 119, 121, 122], "summary": {"covered_lines": 12, "num_statements": 12, "percent_covered": 100.0, "percent_covered_display": "100", "missing_lines": 0, "excluded_lines": 0, "percent_statements_covered": 100.0, "percent_statements_covered_display": "100"}, "missing_lines": [], "excluded_lines": [], "start_line": 90}, "smart_query": {"executed_lines": [181, 187, 188, 192, 193, 194, 199, 200, 203, 204, 206, 207, 209, 210, 211, 213, 220, 222, 223, 226, 227, 234], "summary": {"covered_lines": 22, "num_statements": 22, "percent_covered": 100.0, "percent_covered_display": "100", "missing_lines": 0, "excluded_lines": 0, "percent_statements_covered": 100.0, "percent_statements_covered_display": "100"}, "missing_lines": [], "excluded_lines": [], "start_line": 131}, "_batch_query_internal": {"executed_lines": [250, 253, 255, 258, 259, 260, 261, 263, 264, 268, 269, 277, 291, 293, 294, 297, 298, 299, 300, 301, 303, 305, 310, 311, 313, 314, 315, 317, 319, 320, 321, 323, 326, 327, 334, 335, 336, 337, 338, 341, 343, 345, 348, 355, 356, 357, 358, 364, 371, 372, 373, 374, 376, 377, 378, 379, 381, 382, 383, 385, 390, 391, 393, 394, 395, 396, 397, 398, 400], "summary": {"covered_lines": 69, "num_statements": 86, "percent_covered": 80.23255813953489, "percent_covered_display": "80", "missing_lines": 17, "excluded_lines": 0, "percent_statements_covered": 80.23255813953489, "percent_statements_covered_display": "80"}, "missing_lines": [271, 272, 276, 279, 280, 281, 282, 283, 284, 285, 286, 287, 288, 306, 316, 328, 387], "excluded_lines": [], "start_line": 241}, "clear_command_cache": {"executed_lines": [410], "summary": {"covered_lines": 1, "num_statements": 1, "percent_covered": 100.0, "percent_covered_display": "100", "missing_lines": 0, "excluded_lines": 0, "percent_statements_covered": 100.0, "percent_statements_covered_display": "100"}, "missing_lines": [], "excluded_lines": [], "start_line": 408}, "clear_device_cache": {"executed_lines": [416], "summary": {"covered_lines": 1, "num_statements": 1, "percent_covered": 100.0, "percent_covered_display": "100", "missing_lines": 0, "excluded_lines": 0, "percent_statements_covered": 100.0, "percent_statements_covered_display": "100"}, "missing_lines": [], "excluded_lines": [], "start_line": 413}, "get_cache_stats": {"executed_lines": [421], "summary": {"covered_lines": 1, "num_statements": 1, "percent_covered": 100.0, "percent_covered_display": "100", "missing_lines": 0, "excluded_lines": 0, "percent_statements_covered": 100.0, "percent_statements_covered_display": "100"}, "missing_lines": [], "excluded_lines": [], "start_line": 419}, "": {"executed_lines": [11, 13, 15, 16, 23, 24, 44, 87, 90, 130, 131, 241, 408, 413, 419], "summary": {"covered_lines": 15, "num_statements": 15, "percent_covered": 100.0, "percent_covered_display": "100", "missing_lines": 0, "excluded_lines": 0, "percent_statements_covered": 100.0, "percent_statements_covered_display": "100"}, "missing_lines": [], "excluded_lines": [], "start_line": 1}}, "classes": {"": {"executed_lines": [11, 13, 15, 16, 23, 24, 34, 35, 41, 44, 59, 61, 62, 65, 66, 67, 70, 71, 72, 75, 76, 80, 87, 90, 99, 100, 102, 104, 106, 107, 108, 110, 118, 119, 121, 122, 130, 131, 181, 187, 188, 192, 193, 194, 199, 200, 203, 204, 206, 207, 209, 210, 211, 213, 220, 222, 223, 226, 227, 234, 241, 250, 253, 255, 258, 259, 260, 261, 263, 264, 268, 269, 277, 291, 293, 294, 297, 298, 299, 300, 301, 303, 305, 310, 311, 313, 314, 315, 317, 319, 320, 321, 323, 326, 327, 334, 335, 336, 337, 338, 341, 343, 345, 348, 355, 356, 357, 358, 364, 371, 372, 373, 374, 376, 377, 378, 379, 381, 382, 383, 385, 390, 391, 393, 394, 395, 396, 397, 398, 400, 408, 410, 413, 416, 419, 421], "summary": {"covered_lines": 136, "num_statements": 154, "percent_covered": 88.31168831168831, "percent_covered_display": "88", "missing_lines": 18, "excluded_lines": 0, "percent_statements_covered": 88.31168831168831, "percent_statements_covered_display": "88"}, "missing_lines": [77, 271, 272, 276, 279, 280, 281, 282, 283, 284, 285, 286, 287, 288, 306, 316, 328, 387], "excluded_lines": [], "start_line": 1}}}, "src/olav/tools/storage_tools.py": {"executed_lines": [14, 15, 16, 18, 20, 22, 25, 31, 32, 41, 47, 48, 54, 55, 58, 69, 72, 73, 74, 75, 77, 79, 80, 81, 83, 86, 98, 99, 102, 103, 106, 108, 111, 113, 114, 115, 117, 118, 120, 121, 122, 125, 126, 158, 159, 163, 165, 166, 169, 170, 173, 176, 177, 180, 181, 182, 184, 186, 187, 190, 191, 209, 210, 212, 213, 215, 216, 218, 219, 221, 222, 225, 226, 247, 248, 249, 252, 258, 260, 261, 262, 263, 265, 266, 268, 269, 272, 273, 288, 289, 290, 292, 298, 300, 301, 302, 303, 305, 306, 307, 312, 314, 315, 318, 319, 332, 333, 335, 336, 338, 339, 341, 342, 344, 346, 347, 349, 350, 351, 352, 353, 354, 355, 357, 359, 361, 362], "summary": {"covered_lines": 127, "num_statements": 127, "percent_covered": 100.0, "percent_covered_display": "100", "missing_lines": 0, "excluded_lines": 0, "percent_statements_covered": 100.0, "percent_statements_covered_display": "100"}, "missing_lines": [], "excluded_lines": [], "functions": {"_get_allowed_dirs": {"executed_lines": [31, 32], "summary": {"covered_lines": 2, "num_statements": 2, "percent_covered": 100.0, "percent_covered_display": "100", "missing_lines": 0, "excluded_lines": 0, "percent_statements_covered": 100.0, "percent_statements_covered_display": "100"}, "missing_lines": [], "excluded_lines": [], "start_line": 25}, "_get_allowed_read_dirs": {"executed_lines": [47, 48], "summary": {"covered_lines": 2, "num_statements": 2, "percent_covered": 100.0, "percent_covered_display": "100", "missing_lines": 0, "excluded_lines": 0, "percent_statements_covered": 100.0, "percent_statements_covered_display": "100"}, "missing_lines": [], "excluded_lines": [], "start_line": 41}, "_is_path_allowed": {"executed_lines": [69, 72, 73, 74, 75, 77, 79, 80, 81, 83], "summary": {"covered_lines": 10, "num_statements": 10, "percent_covered": 100.0, "percent_covered_display": "100", "missing_lines": 0, "excluded_lines": 0, "percent_statements_covered": 100.0, "percent_statements_covered_display": "100"}, "missing_lines": [], "excluded_lines": [], "start_line": 58}, "_auto_embed_report": {"executed_lines": [98, 99, 102, 103, 106, 108, 111, 113, 114, 115, 117, 118, 120, 121, 122], "summary": {"covered_lines": 15, "num_statements": 15, "percent_covered": 100.0, "percent_covered_display": "100", "missing_lines": 0, "excluded_lines": 0, "percent_statements_covered": 100.0, "percent_statements_covered_display": "100"}, "missing_lines": [], "excluded_lines": [], "start_line": 86}, "write_file": {"executed_lines": [158, 159, 163, 165, 166, 169, 170, 173, 176, 177, 180, 181, 182, 184, 186, 187], "summary": {"covered_lines": 16, "num_statements": 16, "percent_covered": 100.0, "percent_covered_display": "100", "missing_lines": 0, "excluded_lines": 0, "percent_statements_covered": 100.0, "percent_statements_covered_display": "100"}, "missing_lines": [], "excluded_lines": [], "start_line": 126}, "read_file": {"executed_lines": [209, 210, 212, 213, 215, 216, 218, 219, 221, 222], "summary": {"covered_lines": 10, "num_statements": 10, "percent_covered": 100.0, "percent_covered_display": "100", "missing_lines": 0, "excluded_lines": 0, "percent_statements_covered": 100.0, "percent_statements_covered_display": "100"}, "missing_lines": [], "excluded_lines": [], "start_line": 191}, "save_device_config": {"executed_lines": [247, 248, 249, 252, 258, 260, 261, 262, 263, 265, 266, 268, 269], "summary": {"covered_lines": 13, "num_statements": 13, "percent_covered": 100.0, "percent_covered_display": "100", "missing_lines": 0, "excluded_lines": 0, "percent_statements_covered": 100.0, "percent_statements_covered_display": "100"}, "missing_lines": [], "excluded_lines": [], "start_line": 226}, "save_tech_support": {"executed_lines": [288, 289, 290, 292, 298, 300, 301, 302, 303, 305, 306, 307, 312, 314, 315], "summary": {"covered_lines": 15, "num_statements": 15, "percent_covered": 100.0, "percent_covered_display": "100", "missing_lines": 0, "excluded_lines": 0, "percent_statements_covered": 100.0, "percent_statements_covered_display": "100"}, "missing_lines": [], "excluded_lines": [], "start_line": 273}, "list_saved_files": {"executed_lines": [332, 333, 335, 336, 338, 339, 341, 342, 344, 346, 347, 349, 350, 351, 352, 353, 354, 355, 357, 359, 361, 362], "summary": {"covered_lines": 22, "num_statements": 22, "percent_covered": 100.0, "percent_covered_display": "100", "missing_lines": 0, "excluded_lines": 0, "percent_statements_covered": 100.0, "percent_statements_covered_display": "100"}, "missing_lines": [], "excluded_lines": [], "start_line": 319}, "": {"executed_lines": [14, 15, 16, 18, 20, 22, 25, 41, 54, 55, 58, 86, 125, 126, 190, 191, 225, 226, 272, 273, 318, 319], "summary": {"covered_lines": 22, "num_statements": 22, "percent_covered": 100.0, "percent_covered_display": "100", "missing_lines": 0, "excluded_lines": 0, "percent_statements_covered": 100.0, "percent_statements_covered_display": "100"}, "missing_lines": [], "excluded_lines": [], "start_line": 1}}, "classes": {"": {"executed_lines": [14, 15, 16, 18, 20, 22, 25, 31, 32, 41, 47, 48, 54, 55, 58, 69, 72, 73, 74, 75, 77, 79, 80, 81, 83, 86, 98, 99, 102, 103, 106, 108, 111, 113, 114, 115, 117, 118, 120, 121, 122, 125, 126, 158, 159, 163, 165, 166, 169, 170, 173, 176, 177, 180, 181, 182, 184, 186, 187, 190, 191, 209, 210, 212, 213, 215, 216, 218, 219, 221, 222, 225, 226, 247, 248, 249, 252, 258, 260, 261, 262, 263, 265, 266, 268, 269, 272, 273, 288, 289, 290, 292, 298, 300, 301, 302, 303, 305, 306, 307, 312, 314, 315, 318, 319, 332, 333, 335, 336, 338, 339, 341, 342, 344, 346, 347, 349, 350, 351, 352, 353, 354, 355, 357, 359, 361, 362], "summary": {"covered_lines": 127, "num_statements": 127, "percent_covered": 100.0, "percent_covered_display": "100", "missing_lines": 0, "excluded_lines": 0, "percent_statements_covered": 100.0, "percent_statements_covered_display": "100"}, "missing_lines": [], "excluded_lines": [], "start_line": 1}}}, "src/olav/tools/task_tools.py": {"executed_lines": [5, 7, 8, 11, 14, 18, 20, 25, 27, 30, 31, 48, 49, 51, 52, 54, 55, 56, 59, 62, 68, 71, 72, 73, 75, 78, 80, 81], "summary": {"covered_lines": 28, "num_statements": 28, "percent_covered": 100.0, "percent_covered_display": "100", "missing_lines": 0, "excluded_lines": 0, "percent_statements_covered": 100.0, "percent_statements_covered_display": "100"}, "missing_lines": [], "excluded_lines": [], "functions": {"get_task_middleware": {"executed_lines": [18, 20, 25, 27], "summary": {"covered_lines": 4, "num_statements": 4, "percent_covered": 100.0, "percent_covered_display": "100", "missing_lines": 0, "excluded_lines": 0, "percent_statements_covered": 100.0, "percent_statements_covered_display": "100"}, "missing_lines": [], "excluded_lines": [], "start_line": 14}, "delegate_task": {"executed_lines": [48, 49, 51, 52, 54, 55, 56, 59, 62, 68, 71, 72, 73, 75, 78, 80, 81], "summary": {"covered_lines": 17, "num_statements": 17, "percent_covered": 100.0, "percent_covered_display": "100", "missing_lines": 0, "excluded_lines": 0, "percent_statements_covered": 100.0, "percent_statements_covered_display": "100"}, "missing_lines": [], "excluded_lines": [], "start_line": 31}, "": {"executed_lines": [5, 7, 8, 11, 14, 30, 31], "summary": {"covered_lines": 7, "num_statements": 7, "percent_covered": 100.0, "percent_covered_display": "100", "missing_lines": 0, "excluded_lines": 0, "percent_statements_covered": 100.0, "percent_statements_covered_display": "100"}, "missing_lines": [], "excluded_lines": [], "start_line": 1}}, "classes": {"": {"executed_lines": [5, 7, 8, 11, 14, 18, 20, 25, 27, 30, 31, 48, 49, 51, 52, 54, 55, 56, 59, 62, 68, 71, 72, 73, 75, 78, 80, 81], "summary": {"covered_lines": 28, "num_statements": 28, "percent_covered": 100.0, "percent_covered_display": "100", "missing_lines": 0, "excluded_lines": 0, "percent_statements_covered": 100.0, "percent_statements_covered_display": "100"}, "missing_lines": [], "excluded_lines": [], "start_line": 1}}}}, "totals": {"covered_lines": 2361, "num_statements": 3095, "percent_covered": 76.2843295638126, "percent_covered_display": "76", "missing_lines": 734, "excluded_lines": 27, "percent_statements_covered": 76.2843295638126, "percent_statements_covered_display": "76"}}